#
# A fatal error has been detected by the Java Runtime Environment:
#
#  SIGSEGV (0xb) at pc=0x00007f413410b0e3, pid=7640, tid=7737
#
# JRE version: OpenJDK Runtime Environment Zulu11.48+21-CA (11.0.11+9) (build 11.0.11+9-LTS)
# Java VM: OpenJDK 64-Bit Server VM Zulu11.48+21-CA (11.0.11+9-LTS, mixed mode, tiered, compressed oops, parallel gc, linux-amd64)
# Problematic frame:
# V  [libjvm.so+0x8cd0e3]  InterpreterRuntime::throw_ArrayIndexOutOfBoundsException(JavaThread*, arrayOopDesc*, int)+0x1e3
#
# Core dump will be written. Default location: /core.%e.7640.%t
#
# If you would like to submit a bug report, please visit:
#   http://www.azulsystems.com/support/
#

---------------  S U M M A R Y ------------

Command Line: -Xmx1879m --add-modules=ALL-SYSTEM --add-opens=java.base/java.util=ALL-UNNAMED --add-opens=java.base/java.lang=ALL-UNNAMED -Declipse.application=org.eclipse.jdt.ls.core.id1 -Dosgi.bundles.defaultStartLevel=4 -Declipse.product=org.eclipse.jdt.ls.core.product -Dfile.encoding=utf8 -XX:+UseParallelGC -XX:GCTimeRatio=4 -XX:AdaptiveSizePolicyWeight=90 -Dsun.zip.disableMemoryMapping=true -Xmx1G -Xms100m -Xverify:none /home/gitpod/.gitpod-code/extensions/redhat.java-0.79.2/server/plugins/org.eclipse.equinox.launcher_1.6.100.v20201223-0822.jar -configuration /home/gitpod/.gitpod-code/User/globalStorage/redhat.java/0.79.2/config_ss_linux -data /home/gitpod/.gitpod-code/User/workspaceStorage/6117209f/redhat.java/ss_ws

Host: Intel(R) Xeon(R) CPU, 16 cores, 12G, Ubuntu 20.04.2 LTS
Time: Thu Jun 17 04:50:16 2021 UTC elapsed time: 4.214406 seconds (0d 0h 0m 4s)

---------------  T H R E A D  ---------------

Current thread (0x00007f412c7bc000):  JavaThread "pool-1-thread-1" [_thread_in_vm, id=7737, stack(0x00007f40d1cd7000,0x00007f40d1dd8000)]

Stack: [0x00007f40d1cd7000,0x00007f40d1dd8000],  sp=0x00007f40d1dd4de0,  free space=1015k
Native frames: (J=compiled Java code, A=aot compiled Java code, j=interpreted, Vv=VM code, C=native code)
V  [libjvm.so+0x8cd0e3]  InterpreterRuntime::throw_ArrayIndexOutOfBoundsException(JavaThread*, arrayOopDesc*, int)+0x1e3
j  org.eclipse.jdt.internal.compiler.parser.Scanner.getNextToken0()I+93
j  org.eclipse.jdt.internal.compiler.parser.Scanner.getNextToken()I+47
j  org.eclipse.jdt.internal.compiler.parser.Parser.parse()V+332
j  org.eclipse.jdt.internal.compiler.parser.Parser.parse(Lorg/eclipse/jdt/internal/compiler/env/ICompilationUnit;Lorg/eclipse/jdt/internal/compiler/CompilationResult;II)Lorg/eclipse/jdt/internal/compiler/ast/CompilationUnitDeclaration;+178
j  org.eclipse.jdt.internal.compiler.parser.Parser.parse(Lorg/eclipse/jdt/internal/compiler/env/ICompilationUnit;Lorg/eclipse/jdt/internal/compiler/CompilationResult;)Lorg/eclipse/jdt/internal/compiler/ast/CompilationUnitDeclaration;+5
j  org.eclipse.jdt.internal.compiler.SourceElementParser.parseCompilationUnit(Lorg/eclipse/jdt/internal/compiler/env/ICompilationUnit;ZLorg/eclipse/core/runtime/IProgressMonitor;)Lorg/eclipse/jdt/internal/compiler/ast/CompilationUnitDeclaration;+53
j  org.eclipse.jdt.internal.core.CompilationUnit.buildStructure(Lorg/eclipse/jdt/internal/core/OpenableElementInfo;Lorg/eclipse/core/runtime/IProgressMonitor;Ljava/util/Map;Lorg/eclipse/core/resources/IResource;)Z+523
J 3338 c1 org.eclipse.jdt.internal.core.Openable.generateInfos(Ljava/lang/Object;Ljava/util/HashMap;Lorg/eclipse/core/runtime/IProgressMonitor;)V (281 bytes) @ 0x00007f4114182bcc [0x00007f4114182620+0x00000000000005ac]
J 3345 c1 org.eclipse.jdt.internal.core.JavaElement.openWhenClosed(Ljava/lang/Object;ZLorg/eclipse/core/runtime/IProgressMonitor;)Ljava/lang/Object; (169 bytes) @ 0x00007f411418ad3c [0x00007f411418ab60+0x00000000000001dc]
j  org.eclipse.jdt.internal.core.BecomeWorkingCopyOperation.executeOperation()V+29
j  org.eclipse.jdt.internal.core.JavaModelOperation.run(Lorg/eclipse/core/runtime/IProgressMonitor;)V+55
j  org.eclipse.jdt.internal.core.JavaModelOperation.runOperation(Lorg/eclipse/core/runtime/IProgressMonitor;)V+32
j  org.eclipse.jdt.internal.core.CompilationUnit.becomeWorkingCopy(Lorg/eclipse/jdt/core/IProblemRequestor;Lorg/eclipse/core/runtime/IProgressMonitor;)V+37
j  org.eclipse.jdt.internal.core.CompilationUnit.becomeWorkingCopy(Lorg/eclipse/core/runtime/IProgressMonitor;)V+23
j  org.eclipse.jdt.ls.core.internal.handlers.BaseDocumentLifeCycleHandler.handleOpen(Lorg/eclipse/lsp4j/DidOpenTextDocumentParams;)Lorg/eclipse/jdt/core/ICompilationUnit;+144
j  org.eclipse.jdt.ls.core.internal.handlers.BaseDocumentLifeCycleHandler$5.run(Lorg/eclipse/core/runtime/IProgressMonitor;)V+8
j  org.eclipse.core.internal.resources.Workspace.run(Lorg/eclipse/core/runtime/ICoreRunnable;Lorg/eclipse/core/runtime/jobs/ISchedulingRule;ILorg/eclipse/core/runtime/IProgressMonitor;)V+69
j  org.eclipse.core.internal.resources.Workspace.run(Lorg/eclipse/core/resources/IWorkspaceRunnable;Lorg/eclipse/core/runtime/jobs/ISchedulingRule;ILorg/eclipse/core/runtime/IProgressMonitor;)V+6
j  org.eclipse.jdt.ls.core.internal.handlers.BaseDocumentLifeCycleHandler.didOpen(Lorg/eclipse/lsp4j/DidOpenTextDocumentParams;)V+32
j  org.eclipse.jdt.ls.core.internal.syntaxserver.SyntaxLanguageServer.didOpen(Lorg/eclipse/lsp4j/DidOpenTextDocumentParams;)V+11
v  ~StubRoutines::call_stub
V  [libjvm.so+0x8d3b02]  JavaCalls::call_helper(JavaValue*, methodHandle const&, JavaCallArguments*, Thread*)+0x3c2
V  [libjvm.so+0xcf5120]  invoke(InstanceKlass*, methodHandle const&, Handle, bool, objArrayHandle, BasicType, objArrayHandle, bool, Thread*)+0x580
V  [libjvm.so+0xcf5f03]  Reflection::invoke_method(oopDesc*, Handle, objArrayHandle, Thread*)+0x183
V  [libjvm.so+0x984762]  JVM_InvokeMethod+0x192
j  jdk.internal.reflect.NativeMethodAccessorImpl.invoke0(Ljava/lang/reflect/Method;Ljava/lang/Object;[Ljava/lang/Object;)Ljava/lang/Object;+0 java.base@11.0.11
j  jdk.internal.reflect.NativeMethodAccessorImpl.invoke(Ljava/lang/Object;[Ljava/lang/Object;)Ljava/lang/Object;+100 java.base@11.0.11
J 880 c1 jdk.internal.reflect.DelegatingMethodAccessorImpl.invoke(Ljava/lang/Object;[Ljava/lang/Object;)Ljava/lang/Object; java.base@11.0.11 (10 bytes) @ 0x00007f4113c0cc3c [0x00007f4113c0cb40+0x00000000000000fc]
J 879 c1 java.lang.reflect.Method.invoke(Ljava/lang/Object;[Ljava/lang/Object;)Ljava/lang/Object; java.base@11.0.11 (65 bytes) @ 0x00007f4113c0c6cc [0x00007f4113c0c3a0+0x000000000000032c]
j  org.eclipse.lsp4j.jsonrpc.services.GenericEndpoint.lambda$null$0(Lorg/eclipse/lsp4j/jsonrpc/services/AnnotationUtil$MethodInfo;Ljava/lang/Object;Ljava/lang/Object;)Ljava/util/concurrent/CompletableFuture;+20
j  org.eclipse.lsp4j.jsonrpc.services.GenericEndpoint$$Lambda$130.apply(Ljava/lang/Object;)Ljava/lang/Object;+13
j  org.eclipse.lsp4j.jsonrpc.services.GenericEndpoint.notify(Ljava/lang/String;Ljava/lang/Object;)V+18
j  org.eclipse.lsp4j.jsonrpc.RemoteEndpoint.handleNotification(Lorg/eclipse/lsp4j/jsonrpc/messages/NotificationMessage;)V+20
j  org.eclipse.lsp4j.jsonrpc.RemoteEndpoint.consume(Lorg/eclipse/lsp4j/jsonrpc/messages/Message;)V+14
j  org.eclipse.jdt.ls.core.internal.ParentProcessWatcher.lambda$0(Lorg/eclipse/lsp4j/jsonrpc/MessageConsumer;Lorg/eclipse/lsp4j/jsonrpc/messages/Message;)V+9
j  org.eclipse.jdt.ls.core.internal.ParentProcessWatcher$$Lambda$126.consume(Lorg/eclipse/lsp4j/jsonrpc/messages/Message;)V+9
j  org.eclipse.lsp4j.jsonrpc.json.StreamMessageProducer.handleMessage(Ljava/io/InputStream;Lorg/eclipse/lsp4j/jsonrpc/json/StreamMessageProducer$Headers;)Z+99
j  org.eclipse.lsp4j.jsonrpc.json.StreamMessageProducer.listen(Lorg/eclipse/lsp4j/jsonrpc/MessageConsumer;)V+158
j  org.eclipse.lsp4j.jsonrpc.json.ConcurrentMessageProcessor.run()V+12
j  java.util.concurrent.Executors$RunnableAdapter.call()Ljava/lang/Object;+4 java.base@11.0.11
j  java.util.concurrent.FutureTask.run()V+39 java.base@11.0.11
j  java.util.concurrent.ThreadPoolExecutor.runWorker(Ljava/util/concurrent/ThreadPoolExecutor$Worker;)V+92 java.base@11.0.11
j  java.util.concurrent.ThreadPoolExecutor$Worker.run()V+5 java.base@11.0.11
j  java.lang.Thread.run()V+11 java.base@11.0.11
v  ~StubRoutines::call_stub
V  [libjvm.so+0x8d3b02]  JavaCalls::call_helper(JavaValue*, methodHandle const&, JavaCallArguments*, Thread*)+0x3c2
V  [libjvm.so+0x8d1a80]  JavaCalls::call_virtual(JavaValue*, Handle, Klass*, Symbol*, Symbol*, Thread*)+0x200
V  [libjvm.so+0x97b94a]  thread_entry(JavaThread*, Thread*)+0x8a
V  [libjvm.so+0xe99152]  JavaThread::thread_main_inner()+0x232
V  [libjvm.so+0xe9594b]  Thread::call_run()+0x15b
V  [libjvm.so+0xc5ccb8]  thread_native_entry(Thread*)+0xf8

Java frames: (J=compiled Java code, j=interpreted, Vv=VM code)
j  org.eclipse.jdt.internal.compiler.parser.Scanner.getNextToken0()I+93
j  org.eclipse.jdt.internal.compiler.parser.Scanner.getNextToken()I+47
j  org.eclipse.jdt.internal.compiler.parser.Parser.parse()V+332
j  org.eclipse.jdt.internal.compiler.parser.Parser.parse(Lorg/eclipse/jdt/internal/compiler/env/ICompilationUnit;Lorg/eclipse/jdt/internal/compiler/CompilationResult;II)Lorg/eclipse/jdt/internal/compiler/ast/CompilationUnitDeclaration;+178
j  org.eclipse.jdt.internal.compiler.parser.Parser.parse(Lorg/eclipse/jdt/internal/compiler/env/ICompilationUnit;Lorg/eclipse/jdt/internal/compiler/CompilationResult;)Lorg/eclipse/jdt/internal/compiler/ast/CompilationUnitDeclaration;+5
j  org.eclipse.jdt.internal.compiler.SourceElementParser.parseCompilationUnit(Lorg/eclipse/jdt/internal/compiler/env/ICompilationUnit;ZLorg/eclipse/core/runtime/IProgressMonitor;)Lorg/eclipse/jdt/internal/compiler/ast/CompilationUnitDeclaration;+53
j  org.eclipse.jdt.internal.core.CompilationUnit.buildStructure(Lorg/eclipse/jdt/internal/core/OpenableElementInfo;Lorg/eclipse/core/runtime/IProgressMonitor;Ljava/util/Map;Lorg/eclipse/core/resources/IResource;)Z+523
J 3338 c1 org.eclipse.jdt.internal.core.Openable.generateInfos(Ljava/lang/Object;Ljava/util/HashMap;Lorg/eclipse/core/runtime/IProgressMonitor;)V (281 bytes) @ 0x00007f4114182bcc [0x00007f4114182620+0x00000000000005ac]
J 3345 c1 org.eclipse.jdt.internal.core.JavaElement.openWhenClosed(Ljava/lang/Object;ZLorg/eclipse/core/runtime/IProgressMonitor;)Ljava/lang/Object; (169 bytes) @ 0x00007f411418ad3c [0x00007f411418ab60+0x00000000000001dc]
j  org.eclipse.jdt.internal.core.BecomeWorkingCopyOperation.executeOperation()V+29
j  org.eclipse.jdt.internal.core.JavaModelOperation.run(Lorg/eclipse/core/runtime/IProgressMonitor;)V+55
j  org.eclipse.jdt.internal.core.JavaModelOperation.runOperation(Lorg/eclipse/core/runtime/IProgressMonitor;)V+32
j  org.eclipse.jdt.internal.core.CompilationUnit.becomeWorkingCopy(Lorg/eclipse/jdt/core/IProblemRequestor;Lorg/eclipse/core/runtime/IProgressMonitor;)V+37
j  org.eclipse.jdt.internal.core.CompilationUnit.becomeWorkingCopy(Lorg/eclipse/core/runtime/IProgressMonitor;)V+23
j  org.eclipse.jdt.ls.core.internal.handlers.BaseDocumentLifeCycleHandler.handleOpen(Lorg/eclipse/lsp4j/DidOpenTextDocumentParams;)Lorg/eclipse/jdt/core/ICompilationUnit;+144
j  org.eclipse.jdt.ls.core.internal.handlers.BaseDocumentLifeCycleHandler$5.run(Lorg/eclipse/core/runtime/IProgressMonitor;)V+8
j  org.eclipse.core.internal.resources.Workspace.run(Lorg/eclipse/core/runtime/ICoreRunnable;Lorg/eclipse/core/runtime/jobs/ISchedulingRule;ILorg/eclipse/core/runtime/IProgressMonitor;)V+69
j  org.eclipse.core.internal.resources.Workspace.run(Lorg/eclipse/core/resources/IWorkspaceRunnable;Lorg/eclipse/core/runtime/jobs/ISchedulingRule;ILorg/eclipse/core/runtime/IProgressMonitor;)V+6
j  org.eclipse.jdt.ls.core.internal.handlers.BaseDocumentLifeCycleHandler.didOpen(Lorg/eclipse/lsp4j/DidOpenTextDocumentParams;)V+32
j  org.eclipse.jdt.ls.core.internal.syntaxserver.SyntaxLanguageServer.didOpen(Lorg/eclipse/lsp4j/DidOpenTextDocumentParams;)V+11
v  ~StubRoutines::call_stub
j  jdk.internal.reflect.NativeMethodAccessorImpl.invoke0(Ljava/lang/reflect/Method;Ljava/lang/Object;[Ljava/lang/Object;)Ljava/lang/Object;+0 java.base@11.0.11
j  jdk.internal.reflect.NativeMethodAccessorImpl.invoke(Ljava/lang/Object;[Ljava/lang/Object;)Ljava/lang/Object;+100 java.base@11.0.11
J 880 c1 jdk.internal.reflect.DelegatingMethodAccessorImpl.invoke(Ljava/lang/Object;[Ljava/lang/Object;)Ljava/lang/Object; java.base@11.0.11 (10 bytes) @ 0x00007f4113c0cc3c [0x00007f4113c0cb40+0x00000000000000fc]
J 879 c1 java.lang.reflect.Method.invoke(Ljava/lang/Object;[Ljava/lang/Object;)Ljava/lang/Object; java.base@11.0.11 (65 bytes) @ 0x00007f4113c0c6cc [0x00007f4113c0c3a0+0x000000000000032c]
j  org.eclipse.lsp4j.jsonrpc.services.GenericEndpoint.lambda$null$0(Lorg/eclipse/lsp4j/jsonrpc/services/AnnotationUtil$MethodInfo;Ljava/lang/Object;Ljava/lang/Object;)Ljava/util/concurrent/CompletableFuture;+20
j  org.eclipse.lsp4j.jsonrpc.services.GenericEndpoint$$Lambda$130.apply(Ljava/lang/Object;)Ljava/lang/Object;+13
j  org.eclipse.lsp4j.jsonrpc.services.GenericEndpoint.notify(Ljava/lang/String;Ljava/lang/Object;)V+18
j  org.eclipse.lsp4j.jsonrpc.RemoteEndpoint.handleNotification(Lorg/eclipse/lsp4j/jsonrpc/messages/NotificationMessage;)V+20
j  org.eclipse.lsp4j.jsonrpc.RemoteEndpoint.consume(Lorg/eclipse/lsp4j/jsonrpc/messages/Message;)V+14
j  org.eclipse.jdt.ls.core.internal.ParentProcessWatcher.lambda$0(Lorg/eclipse/lsp4j/jsonrpc/MessageConsumer;Lorg/eclipse/lsp4j/jsonrpc/messages/Message;)V+9
j  org.eclipse.jdt.ls.core.internal.ParentProcessWatcher$$Lambda$126.consume(Lorg/eclipse/lsp4j/jsonrpc/messages/Message;)V+9
j  org.eclipse.lsp4j.jsonrpc.json.StreamMessageProducer.handleMessage(Ljava/io/InputStream;Lorg/eclipse/lsp4j/jsonrpc/json/StreamMessageProducer$Headers;)Z+99
j  org.eclipse.lsp4j.jsonrpc.json.StreamMessageProducer.listen(Lorg/eclipse/lsp4j/jsonrpc/MessageConsumer;)V+158
j  org.eclipse.lsp4j.jsonrpc.json.ConcurrentMessageProcessor.run()V+12
j  java.util.concurrent.Executors$RunnableAdapter.call()Ljava/lang/Object;+4 java.base@11.0.11
j  java.util.concurrent.FutureTask.run()V+39 java.base@11.0.11
j  java.util.concurrent.ThreadPoolExecutor.runWorker(Ljava/util/concurrent/ThreadPoolExecutor$Worker;)V+92 java.base@11.0.11
j  java.util.concurrent.ThreadPoolExecutor$Worker.run()V+5 java.base@11.0.11
j  java.lang.Thread.run()V+11 java.base@11.0.11
v  ~StubRoutines::call_stub

siginfo: si_signo: 11 (SIGSEGV), si_code: 2 (SEGV_ACCERR), si_addr: 0x00000000ec488e1c

Register to memory mapping:

RAX=0x0 is NULL
RBX=0x0000000000002f4d is an unknown value
RCX=0x00007f40840008ee points into unknown readable memory: 00 00
RDX=0x0000000000002f4d is an unknown value
RSP=0x00007f40d1dd4de0 is pointing into the stack for thread: 0x00007f412c7bc000
RBP=0x00007f40d1dd4e90 is pointing into the stack for thread: 0x00007f412c7bc000
RSI=0x00007f41347e4eb8: <offset 0x0000000000fa6eb8> in /home/gitpod/.sdkman/candidates/java/11.0.11.fx-zulu/lib/server/libjvm.so at 0x00007f413383e000
RDI=0x00007f40d1dd4e00 is pointing into the stack for thread: 0x00007f412c7bc000
R8 =0x00007f40840d7030 points into unknown readable memory: 0x0000000000000000 | 00 00 00 00 00 00 00 00
R9 =0x0000000000000028 is an unknown value
R10=0x00007f412c7bcaa0 points into unknown readable memory: 0x00007f4100000002 | 02 00 00 00 41 7f 00 00
R11=0x0000000000000286 is an unknown value
R12=0x00000000ec488e10 is an unallocated location in the heap
R13=0x00007f40d1dd4e00 is pointing into the stack for thread: 0x00007f412c7bc000
R14=0x00007f40ec3f7680 points into unknown readable memory: 0x0000000000000000 | 00 00 00 00 00 00 00 00
R15=0x00007f412c7bc000 is a thread


Registers:
RAX=0x0000000000000000, RBX=0x0000000000002f4d, RCX=0x00007f40840008ee, RDX=0x0000000000002f4d
RSP=0x00007f40d1dd4de0, RBP=0x00007f40d1dd4e90, RSI=0x00007f41347e4eb8, RDI=0x00007f40d1dd4e00
R8 =0x00007f40840d7030, R9 =0x0000000000000028, R10=0x00007f412c7bcaa0, R11=0x0000000000000286
R12=0x00000000ec488e10, R13=0x00007f40d1dd4e00, R14=0x00007f40ec3f7680, R15=0x00007f412c7bc000
RIP=0x00007f413410b0e3, EFLAGS=0x0000000000010246, CSGSFS=0x002b000000000033, ERR=0x0000000000000004
  TRAPNO=0x000000000000000e

Top of Stack: (sp=0x00007f40d1dd4de0)
0x00007f40d1dd4de0:   00000000000003d8 00007f412c7bcaa0
0x00007f40d1dd4df0:   00007f40ec3f7a68 00007f40ec3f7690
0x00007f40d1dd4e00:   00007f4134ca2a70 0000005000000000
0x00007f40d1dd4e10:   0000000000000000 0000000000000000 

Instructions: (pc=0x00007f413410b0e3)
0x00007f413410afe3:   00 48 8d 05 d5 85 cc 00 83 38 01 0f 84 7c 01 00
0x00007f413410aff3:   00 48 8d 05 11 85 cc 00 8b 00 85 c0 74 08 4c 89
0x00007f413410b003:   ff e8 37 62 44 00 41 8b 87 b0 03 00 00 41 c7 87
0x00007f413410b013:   c0 03 00 00 08 00 00 00 85 c0 75 19 41 8b 87 d8
0x00007f413410b023:   00 00 00 a9 00 00 00 20 75 0b 41 8b 87 d8 00 00
0x00007f413410b033:   00 a8 04 74 0d be 01 00 00 00 4c 89 ff e8 db 94
0x00007f413410b043:   5c 00 48 81 c4 88 00 00 00 5b 41 5c 41 5d 41 5e
0x00007f413410b053:   41 5f 5d c3 66 0f 1f 84 00 00 00 00 00 f0 83 04
0x00007f413410b063:   24 00 e9 7a ff ff ff 66 0f 1f 44 00 00 4c 89 ff
0x00007f413410b073:   e8 e8 46 5c 00 e9 14 ff ff ff 0f 1f 00 4d 8b 97
0x00007f413410b083:   78 02 00 00 4c 8d ad 70 ff ff ff be 00 01 00 00
0x00007f413410b093:   4c 89 ef 49 8b 42 18 4d 8b 72 10 4c 89 95 58 ff
0x00007f413410b0a3:   ff ff 48 89 85 68 ff ff ff 49 8b 42 20 48 89 85
0x00007f413410b0b3:   60 ff ff ff 49 8b 42 28 48 89 85 50 ff ff ff e8
0x00007f413410b0c3:   99 bf 39 00 48 8d 05 1e bd ca 00 48 8d 35 e3 9d
0x00007f413410b0d3:   6d 00 89 da 4c 89 ef 80 38 01 48 19 c0 83 e0 04
0x00007f413410b0e3:   41 8b 4c 04 0c 31 c0 e8 c1 b3 39 00 4c 89 ef e8
0x00007f413410b0f3:   99 c0 39 00 49 89 c0 48 8d 05 bf 7c ce 00 48 8d
0x00007f413410b103:   35 b0 4d 70 00 ba bc 01 00 00 4c 89 ff 48 8b 88
0x00007f413410b113:   78 03 00 00 e8 14 c1 ec ff 4c 89 ef e8 5c a2 39
0x00007f413410b123:   00 49 83 3e 00 4c 8b 95 58 ff ff ff 74 1e 48 8b
0x00007f413410b133:   b5 50 ff ff ff 4c 89 d7 e8 10 20 b9 ff 4c 89 f7
0x00007f413410b143:   e8 e8 10 b9 ff 4c 8b 95 58 ff ff ff 48 8b 85 68
0x00007f413410b153:   ff ff ff 4d 89 72 10 49 89 42 18 48 8b 85 60 ff
0x00007f413410b163:   ff ff 49 89 42 20 e9 d0 fd ff ff 66 90 49 8b 87
0x00007f413410b173:   08 01 00 00 a8 08 0f 84 8a fe ff ff 48 8d 05 86
0x00007f413410b183:   83 cc 00 8b 00 85 c0 75 44 49 8b 87 60 04 00 00
0x00007f413410b193:   48 85 c0 0f 84 6d fe ff ff 41 80 bf 88 04 00 00
0x00007f413410b1a3:   00 0f 85 5f fe ff ff 49 8d bf 60 04 00 00 41 c6
0x00007f413410b1b3:   87 88 04 00 00 01 4c 89 fe e8 7f 47 f9 ff 41 c6
0x00007f413410b1c3:   87 88 04 00 00 00 e9 3b fe ff ff 66 90 4c 89 ff
0x00007f413410b1d3:   e8 68 60 44 00 eb b2 66 0f 1f 44 00 00 55 48 89 


Stack slot to memory mapping:
stack at sp + 0 slots: 0x00000000000003d8 is an unknown value
stack at sp + 1 slots: 0x00007f412c7bcaa0 points into unknown readable memory: 0x00007f4100000002 | 02 00 00 00 41 7f 00 00
stack at sp + 2 slots: 0x00007f40ec3f7a68 points into unknown readable memory: 0x0000000000000095 | 95 00 00 00 00 00 00 00
stack at sp + 3 slots: 0x00007f40ec3f7690 points into unknown readable memory: 0x00007f40ec3d9774 | 74 97 3d ec 40 7f 00 00
stack at sp + 4 slots: 0x00007f4134ca2a70: <offset 0x0000000001464a70> in /home/gitpod/.sdkman/candidates/java/11.0.11.fx-zulu/lib/server/libjvm.so at 0x00007f413383e000
stack at sp + 5 slots: 0x0000005000000000 is an unknown value
stack at sp + 6 slots: 0x0 is NULL
stack at sp + 7 slots: 0x0 is NULL


---------------  P R O C E S S  ---------------

Threads class SMR info:
_java_thread_list=0x00007f412c7bcd80, length=28, elements={
0x00007f412c016000, 0x00007f412c1dc000, 0x00007f412c1e0000, 0x00007f412c1fd000,
0x00007f412c1ff000, 0x00007f412c201800, 0x00007f412c203800, 0x00007f412c205800,
0x00007f412c2b3800, 0x00007f412c444800, 0x00007f412c578800, 0x00007f40d4001800,
0x00007f412c57a000, 0x00007f412c57c000, 0x00007f412c57e000, 0x00007f412c57f800,
0x00007f412c58f000, 0x00007f412c5b9800, 0x00007f412c5c6800, 0x00007f412c5aa800,
0x00007f40ac01b000, 0x00007f40ac079800, 0x00007f40ac25e000, 0x00007f40ac2ca800,
0x00007f4088001800, 0x00007f40ec43b800, 0x00007f412c792800, 0x00007f412c7bc000
}

Java Threads: ( => current thread )
  0x00007f412c016000 JavaThread "main" [_thread_blocked, id=7641, stack(0x00007f41335ee000,0x00007f41336ef000)]
  0x00007f412c1dc000 JavaThread "Reference Handler" daemon [_thread_blocked, id=7644, stack(0x00007f4111a1d000,0x00007f4111b1e000)]
  0x00007f412c1e0000 JavaThread "Finalizer" daemon [_thread_blocked, id=7645, stack(0x00007f411191c000,0x00007f4111a1d000)]
  0x00007f412c1fd000 JavaThread "Signal Dispatcher" daemon [_thread_blocked, id=7646, stack(0x00007f4111535000,0x00007f4111636000)]
  0x00007f412c1ff000 JavaThread "Service Thread" daemon [_thread_blocked, id=7647, stack(0x00007f4111434000,0x00007f4111535000)]
  0x00007f412c201800 JavaThread "C2 CompilerThread0" daemon [_thread_blocked, id=7648, stack(0x00007f4111333000,0x00007f4111434000)]
  0x00007f412c203800 JavaThread "C1 CompilerThread0" daemon [_thread_blocked, id=7649, stack(0x00007f4111232000,0x00007f4111333000)]
  0x00007f412c205800 JavaThread "Sweeper thread" daemon [_thread_blocked, id=7650, stack(0x00007f4111131000,0x00007f4111232000)]
  0x00007f412c2b3800 JavaThread "Common-Cleaner" daemon [_thread_blocked, id=7654, stack(0x00007f4111030000,0x00007f4111131000)]
  0x00007f412c444800 JavaThread "process reaper" daemon [_thread_blocked, id=7669, stack(0x00007f4130005000,0x00007f4130027000)]
  0x00007f412c578800 JavaThread "Equinox resolver thread - Equinox Container: 02f5f17a-e1b5-467b-a456-cc882dfcc046" daemon [_thread_blocked, id=7673, stack(0x00007f41102aa000,0x00007f41103ab000)]
  0x00007f40d4001800 JavaThread "Equinox resolver thread - Equinox Container: 02f5f17a-e1b5-467b-a456-cc882dfcc046" daemon [_thread_blocked, id=7674, stack(0x00007f41101a9000,0x00007f41102aa000)]
  0x00007f412c57a000 JavaThread "Equinox resolver thread - Equinox Container: 02f5f17a-e1b5-467b-a456-cc882dfcc046" daemon [_thread_blocked, id=7675, stack(0x00007f41100a8000,0x00007f41101a9000)]
  0x00007f412c57c000 JavaThread "Equinox resolver thread - Equinox Container: 02f5f17a-e1b5-467b-a456-cc882dfcc046" daemon [_thread_blocked, id=7676, stack(0x00007f40d3eff000,0x00007f40d4000000)]
  0x00007f412c57e000 JavaThread "Equinox resolver thread - Equinox Container: 02f5f17a-e1b5-467b-a456-cc882dfcc046" daemon [_thread_blocked, id=7677, stack(0x00007f40d3dfe000,0x00007f40d3eff000)]
  0x00007f412c57f800 JavaThread "Equinox resolver thread - Equinox Container: 02f5f17a-e1b5-467b-a456-cc882dfcc046" daemon [_thread_blocked, id=7678, stack(0x00007f40d3cfd000,0x00007f40d3dfe000)]
  0x00007f412c58f000 JavaThread "Active Thread: Equinox Container: 02f5f17a-e1b5-467b-a456-cc882dfcc046" [_thread_blocked, id=7681, stack(0x00007f40d3bfc000,0x00007f40d3cfd000)]
  0x00007f412c5b9800 JavaThread "Framework Event Dispatcher: Equinox Container: 02f5f17a-e1b5-467b-a456-cc882dfcc046" daemon [_thread_blocked, id=7693, stack(0x00007f40d35f5000,0x00007f40d36f6000)]
  0x00007f412c5c6800 JavaThread "Start Level: Equinox Container: 02f5f17a-e1b5-467b-a456-cc882dfcc046" daemon [_thread_blocked, id=7694, stack(0x00007f40d34f4000,0x00007f40d35f5000)]
  0x00007f412c5aa800 JavaThread "Refresh Thread: Equinox Container: 02f5f17a-e1b5-467b-a456-cc882dfcc046" daemon [_thread_blocked, id=7699, stack(0x00007f40d33f3000,0x00007f40d34f4000)]
  0x00007f40ac01b000 JavaThread "SCR Component Actor" daemon [_thread_blocked, id=7701, stack(0x00007f40d30e1000,0x00007f40d31e2000)]
  0x00007f40ac079800 JavaThread "Timer-0" daemon [_thread_blocked, id=7702, stack(0x00007f40d2de0000,0x00007f40d2ee1000)]
  0x00007f40ac25e000 JavaThread "Worker-JM" [_thread_blocked, id=7716, stack(0x00007f40d2adf000,0x00007f40d2be0000)]
  0x00007f40ac2ca800 JavaThread "Worker-0" [_thread_blocked, id=7722, stack(0x00007f40d25da000,0x00007f40d26db000)]
  0x00007f4088001800 JavaThread "Worker-1" [_thread_blocked, id=7725, stack(0x00007f40d24d9000,0x00007f40d25da000)]
  0x00007f40ec43b800 JavaThread "C2 CompilerThread1" daemon [_thread_blocked, id=7733, stack(0x00007f40d1fd8000,0x00007f40d20d9000)]
  0x00007f412c792800 JavaThread "pool-2-thread-1" [_thread_blocked, id=7735, stack(0x00007f4110f2f000,0x00007f4111030000)]
=>0x00007f412c7bc000 JavaThread "pool-1-thread-1" [_thread_in_vm, id=7737, stack(0x00007f40d1cd7000,0x00007f40d1dd8000)]

Other Threads:
  0x00007f412c1d3800 VMThread "VM Thread" [stack: 0x00007f4111b20000,0x00007f4111c20000] [id=7643]
  0x00007f412c31e800 WatcherThread [stack: 0x00007f4110e2f000,0x00007f4110f2f000] [id=7664]
  0x00007f412c02d000 GCTaskThread "ParGC Thread#0" [stack: 0x00007f413271d000,0x00007f413281d000] [id=7642]
  0x00007f4104001000 GCTaskThread "ParGC Thread#1" [stack: 0x00007f40d3afc000,0x00007f40d3bfc000] [id=7686]
  0x00007f4104002800 GCTaskThread "ParGC Thread#2" [stack: 0x00007f40d39fa000,0x00007f40d3afa000] [id=7687]
  0x00007f4104004000 GCTaskThread "ParGC Thread#3" [stack: 0x00007f40d38f8000,0x00007f40d39f8000] [id=7688]
  0x00007f410400a000 GCTaskThread "ParGC Thread#4" [stack: 0x00007f40d27df000,0x00007f40d28df000] [id=7717]
  0x00007f410400b800 GCTaskThread "ParGC Thread#5" [stack: 0x00007f40d26dd000,0x00007f40d27dd000] [id=7718]

Threads with active compile tasks:
C2 CompilerThread0   4223 3237   !   4       java.nio.file.FileTreeWalker::visit (204 bytes)
C1 CompilerThread0   4223 3417       2       org.eclipse.jdt.internal.compiler.parser.Scanner::internalScanIdentifierOrKeyword (4733 bytes)
C2 CompilerThread1   4223 3238   !   4       java.nio.file.FileTreeWalker::getAttributes (94 bytes)

VM state:synchronizing (normal execution)

VM Mutex/Monitor currently owned by a thread:  ([mutex/lock_event])
[0x00007f412c012ca0] Threads_lock - owner thread: 0x00007f412c1d3800

Heap address: 0x00000000c0000000, size: 1024 MB, Compressed Oops mode: 32-bit
Narrow klass base: 0x0000000000000000, Narrow klass shift: 3
Compressed class space size: 1073741824 Address: 0x0000000100000000

Heap:
 PSYoungGen      total 22528K, used 0K [0x00000000eab00000, 0x00000000ec480000, 0x0000000100000000)
  eden space 22016K, 0% used [0x00000000eab00000,0x00000000eab00000,0x00000000ec080000)
  from space 512K, 0% used [0x00000000ec080000,0x00000000ec080000,0x00000000ec100000)
  to   space 1536K, 0% used [0x00000000ec300000,0x00000000ec300000,0x00000000ec480000)
 ParOldGen       total 68608K, used 28151K [0x00000000c0000000, 0x00000000c4300000, 0x00000000eab00000)
  object space 68608K, 41% used [0x00000000c0000000,0x00000000c1b7dc58,0x00000000c4300000)
 Metaspace       used 33468K, capacity 35193K, committed 35584K, reserved 1081344K
  class space    used 3184K, capacity 3775K, committed 3840K, reserved 1048576K

Card table byte_map: [0x00007f4132973000,0x00007f4132b74000] _byte_map_base: 0x00007f4132373000

Marking Bits: (ParMarkBitMap*) 0x00007f4134dd2840
 Begin Bits: [0x00007f413071b000, 0x00007f413171b000)
 End Bits:   [0x00007f413171b000, 0x00007f413271b000)

Polling page: 0x00007f413525d000

Metaspace:

Usage:
  Non-class:     30.68 MB capacity,    29.57 MB ( 96%) used,     1.04 MB (  3%) free+waste,    66.50 KB ( <1%) overhead. 
      Class:      3.69 MB capacity,     3.11 MB ( 84%) used,   559.70 KB ( 15%) free+waste,    31.12 KB ( <1%) overhead. 
       Both:     34.37 MB capacity,    32.68 MB ( 95%) used,     1.59 MB (  5%) free+waste,    97.62 KB ( <1%) overhead. 

Virtual space:
  Non-class space:       32.00 MB reserved,      31.00 MB ( 97%) committed 
      Class space:        1.00 GB reserved,       3.75 MB ( <1%) committed 
             Both:        1.03 GB reserved,      34.75 MB (  3%) committed 

Chunk freelists:
   Non-Class:  106.00 KB
       Class:  1.00 KB
        Both:  107.00 KB

MaxMetaspaceSize: unlimited
CompressedClassSpaceSize: 1.00 GB

CodeHeap 'non-profiled nmethods': size=120032Kb used=1368Kb max_used=1368Kb free=118663Kb
 bounds [0x00007f411aff9000, 0x00007f411b269000, 0x00007f4122531000]
CodeHeap 'profiled nmethods': size=120032Kb used=7113Kb max_used=7113Kb free=112918Kb
 bounds [0x00007f4113ac1000, 0x00007f41141c1000, 0x00007f411aff9000]
CodeHeap 'non-nmethods': size=5696Kb used=1179Kb max_used=1216Kb free=4516Kb
 bounds [0x00007f4113531000, 0x00007f41137a1000, 0x00007f4113ac1000]
 total_blobs=3916 nmethods=3379 adapters=449
 compilation: enabled
              stopped_count=0, restarted_count=0
 full_count=0

Compilation events (20 events):
Event: 3.824 Thread 0x00007f412c203800 3410       3       org.eclipse.jdt.internal.compiler.parser.Parser::computeReverseTable (92 bytes)
Event: 3.825 Thread 0x00007f412c203800 nmethod 3410 0x00007f41141a9310 code [0x00007f41141a9500, 0x00007f41141a99f0]
Event: 3.825 Thread 0x00007f412c203800 3411   !   3       org.eclipse.jdt.internal.compiler.parser.Parser::readTable (146 bytes)
Event: 3.826 Thread 0x00007f412c203800 nmethod 3411 0x00007f41141a9c10 code [0x00007f41141a9fa0, 0x00007f41141ab580]
Event: 3.840 Thread 0x00007f412c201800 nmethod 3209 0x00007f411b143710 code [0x00007f411b143a20, 0x00007f411b144c38]
Event: 3.840 Thread 0x00007f412c201800 3210       4       java.util.stream.StreamSpliterators$AbstractWrappingSpliterator::doAdvance (106 bytes)
Event: 3.861 Thread 0x00007f412c203800 3412       2       org.eclipse.jdt.internal.compiler.parser.Parser::actFromTokenOrSynthetic (9 bytes)
Event: 3.862 Thread 0x00007f412c203800 nmethod 3412 0x00007f41141abe90 code [0x00007f41141ac040, 0x00007f41141ac1d0]
Event: 3.862 Thread 0x00007f412c203800 3413       2       org.eclipse.jdt.internal.compiler.parser.Parser::tAction (35 bytes)
Event: 3.862 Thread 0x00007f412c203800 nmethod 3413 0x00007f41141ac390 code [0x00007f41141ac540, 0x00007f41141ac6b0]
Event: 3.867 Thread 0x00007f412c203800 3414       2       org.eclipse.jdt.internal.compiler.parser.Scanner::areRestrictedModuleKeywordsActive (21 bytes)
Event: 3.867 Thread 0x00007f412c203800 nmethod 3414 0x00007f41141ac810 code [0x00007f41141ac9c0, 0x00007f41141acaf0]
Event: 3.867 Thread 0x00007f412c203800 3417       2       org.eclipse.jdt.internal.compiler.parser.Scanner::internalScanIdentifierOrKeyword (4733 bytes)
Event: 3.871 Thread 0x00007f412c201800 nmethod 3210 0x00007f411b145f90 code [0x00007f411b146280, 0x00007f411b147158]
Event: 3.871 Thread 0x00007f412c201800 3196       4       java.util.stream.ReferencePipeline$2$1::accept (27 bytes)
Event: 3.872 Thread 0x00007f412c201800 nmethod 3196 0x00007f411b148210 code [0x00007f411b1483a0, 0x00007f411b148458]
Event: 3.872 Thread 0x00007f412c201800 3237   !   4       java.nio.file.FileTreeWalker::visit (204 bytes)
Event: 3.872 Thread 0x00007f40ec43b800 nmethod 3302 0x00007f411b148590 code [0x00007f411b1489a0, 0x00007f411b14cbe8]
Event: 3.873 Thread 0x00007f40ec43b800 3238   !   4       java.nio.file.FileTreeWalker::getAttributes (94 bytes)
Event: 4.148 Thread 0x00007f412c203800 nmethod 3417 0x00007f41141acb90 code [0x00007f41141ad120, 0x00007f41141b19e0]

GC Heap History (20 events):
Event: 3.130 GC heap before
{Heap before GC invocations=6 (full 1):
 PSYoungGen      total 29696K, used 27574K [0x00000000eab00000, 0x00000000ecc00000, 0x0000000100000000)
  eden space 25600K, 100% used [0x00000000eab00000,0x00000000ec400000,0x00000000ec400000)
  from space 4096K, 48% used [0x00000000ec800000,0x00000000ec9edb78,0x00000000ecc00000)
  to   space 4096K, 0% used [0x00000000ec400000,0x00000000ec400000,0x00000000ec800000)
 ParOldGen       total 68608K, used 7627K [0x00000000c0000000, 0x00000000c4300000, 0x00000000eab00000)
  object space 68608K, 11% used [0x00000000c0000000,0x00000000c0772d30,0x00000000c4300000)
 Metaspace       used 31108K, capacity 32707K, committed 33024K, reserved 1079296K
  class space    used 2990K, capacity 3565K, committed 3584K, reserved 1048576K
}
Event: 3.136 GC heap after
{Heap after GC invocations=6 (full 1):
 PSYoungGen      total 29184K, used 4086K [0x00000000eab00000, 0x00000000ecd80000, 0x0000000100000000)
  eden space 25088K, 0% used [0x00000000eab00000,0x00000000eab00000,0x00000000ec380000)
  from space 4096K, 99% used [0x00000000ec400000,0x00000000ec7fdbd8,0x00000000ec800000)
  to   space 5120K, 0% used [0x00000000ec880000,0x00000000ec880000,0x00000000ecd80000)
 ParOldGen       total 68608K, used 7939K [0x00000000c0000000, 0x00000000c4300000, 0x00000000eab00000)
  object space 68608K, 11% used [0x00000000c0000000,0x00000000c07c0d30,0x00000000c4300000)
 Metaspace       used 31108K, capacity 32707K, committed 33024K, reserved 1079296K
  class space    used 2990K, capacity 3565K, committed 3584K, reserved 1048576K
}
Event: 3.228 GC heap before
{Heap before GC invocations=7 (full 1):
 PSYoungGen      total 29184K, used 29174K [0x00000000eab00000, 0x00000000ecd80000, 0x0000000100000000)
  eden space 25088K, 100% used [0x00000000eab00000,0x00000000ec380000,0x00000000ec380000)
  from space 4096K, 99% used [0x00000000ec400000,0x00000000ec7fdbd8,0x00000000ec800000)
  to   space 5120K, 0% used [0x00000000ec880000,0x00000000ec880000,0x00000000ecd80000)
 ParOldGen       total 68608K, used 7939K [0x00000000c0000000, 0x00000000c4300000, 0x00000000eab00000)
  object space 68608K, 11% used [0x00000000c0000000,0x00000000c07c0d30,0x00000000c4300000)
 Metaspace       used 31261K, capacity 32862K, committed 33024K, reserved 1079296K
  class space    used 3004K, capacity 3574K, committed 3584K, reserved 1048576K
}
Event: 3.233 GC heap after
{Heap after GC invocations=7 (full 1):
 PSYoungGen      total 28160K, used 5099K [0x00000000eab00000, 0x00000000ed100000, 0x0000000100000000)
  eden space 23040K, 0% used [0x00000000eab00000,0x00000000eab00000,0x00000000ec180000)
  from space 5120K, 99% used [0x00000000ec880000,0x00000000ecd7af68,0x00000000ecd80000)
  to   space 7168K, 0% used [0x00000000ec180000,0x00000000ec180000,0x00000000ec880000)
 ParOldGen       total 68608K, used 9326K [0x00000000c0000000, 0x00000000c4300000, 0x00000000eab00000)
  object space 68608K, 13% used [0x00000000c0000000,0x00000000c091b980,0x00000000c4300000)
 Metaspace       used 31261K, capacity 32862K, committed 33024K, reserved 1079296K
  class space    used 3004K, capacity 3574K, committed 3584K, reserved 1048576K
}
Event: 3.284 GC heap before
{Heap before GC invocations=8 (full 1):
 PSYoungGen      total 28160K, used 28139K [0x00000000eab00000, 0x00000000ed100000, 0x0000000100000000)
  eden space 23040K, 100% used [0x00000000eab00000,0x00000000ec180000,0x00000000ec180000)
  from space 5120K, 99% used [0x00000000ec880000,0x00000000ecd7af68,0x00000000ecd80000)
  to   space 7168K, 0% used [0x00000000ec180000,0x00000000ec180000,0x00000000ec880000)
 ParOldGen       total 68608K, used 9326K [0x00000000c0000000, 0x00000000c4300000, 0x00000000eab00000)
  object space 68608K, 13% used [0x00000000c0000000,0x00000000c091b980,0x00000000c4300000)
 Metaspace       used 31312K, capacity 32926K, committed 33024K, reserved 1079296K
  class space    used 3008K, capacity 3574K, committed 3584K, reserved 1048576K
}
Event: 3.327 GC heap after
{Heap after GC invocations=8 (full 1):
 PSYoungGen      total 29696K, used 7147K [0x00000000eab00000, 0x00000000ed000000, 0x0000000100000000)
  eden space 22528K, 0% used [0x00000000eab00000,0x00000000eab00000,0x00000000ec100000)
  from space 7168K, 99% used [0x00000000ec180000,0x00000000ec87af88,0x00000000ec880000)
  to   space 7680K, 0% used [0x00000000ec880000,0x00000000ec880000,0x00000000ed000000)
 ParOldGen       total 68608K, used 9382K [0x00000000c0000000, 0x00000000c4300000, 0x00000000eab00000)
  object space 68608K, 13% used [0x00000000c0000000,0x00000000c0929980,0x00000000c4300000)
 Metaspace       used 31312K, capacity 32926K, committed 33024K, reserved 1079296K
  class space    used 3008K, capacity 3574K, committed 3584K, reserved 1048576K
}
Event: 3.375 GC heap before
{Heap before GC invocations=9 (full 1):
 PSYoungGen      total 29696K, used 29675K [0x00000000eab00000, 0x00000000ed000000, 0x0000000100000000)
  eden space 22528K, 100% used [0x00000000eab00000,0x00000000ec100000,0x00000000ec100000)
  from space 7168K, 99% used [0x00000000ec180000,0x00000000ec87af88,0x00000000ec880000)
  to   space 7680K, 0% used [0x00000000ec880000,0x00000000ec880000,0x00000000ed000000)
 ParOldGen       total 68608K, used 9382K [0x00000000c0000000, 0x00000000c4300000, 0x00000000eab00000)
  object space 68608K, 13% used [0x00000000c0000000,0x00000000c0929980,0x00000000c4300000)
 Metaspace       used 31405K, capacity 33054K, committed 33280K, reserved 1079296K
  class space    used 3012K, capacity 3574K, committed 3584K, reserved 1048576K
}
Event: 3.381 GC heap after
{Heap after GC invocations=9 (full 1):
 PSYoungGen      total 28160K, used 7664K [0x00000000eab00000, 0x00000000ed380000, 0x0000000100000000)
  eden space 20480K, 0% used [0x00000000eab00000,0x00000000eab00000,0x00000000ebf00000)
  from space 7680K, 99% used [0x00000000ec880000,0x00000000ecffc030,0x00000000ed000000)
  to   space 9728K, 0% used [0x00000000ebf00000,0x00000000ebf00000,0x00000000ec880000)
 ParOldGen       total 68608K, used 10854K [0x00000000c0000000, 0x00000000c4300000, 0x00000000eab00000)
  object space 68608K, 15% used [0x00000000c0000000,0x00000000c0a99878,0x00000000c4300000)
 Metaspace       used 31405K, capacity 33054K, committed 33280K, reserved 1079296K
  class space    used 3012K, capacity 3574K, committed 3584K, reserved 1048576K
}
Event: 3.442 GC heap before
{Heap before GC invocations=10 (full 1):
 PSYoungGen      total 28160K, used 28144K [0x00000000eab00000, 0x00000000ed380000, 0x0000000100000000)
  eden space 20480K, 100% used [0x00000000eab00000,0x00000000ebf00000,0x00000000ebf00000)
  from space 7680K, 99% used [0x00000000ec880000,0x00000000ecffc030,0x00000000ed000000)
  to   space 9728K, 0% used [0x00000000ebf00000,0x00000000ebf00000,0x00000000ec880000)
 ParOldGen       total 68608K, used 10854K [0x00000000c0000000, 0x00000000c4300000, 0x00000000eab00000)
  object space 68608K, 15% used [0x00000000c0000000,0x00000000c0a99878,0x00000000c4300000)
 Metaspace       used 31491K, capacity 33150K, committed 33408K, reserved 1079296K
  class space    used 3023K, capacity 3606K, committed 3712K, reserved 1048576K
}
Event: 3.449 GC heap after
{Heap after GC invocations=10 (full 1):
 PSYoungGen      total 27136K, used 6418K [0x00000000eab00000, 0x00000000ece00000, 0x0000000100000000)
  eden space 20480K, 0% used [0x00000000eab00000,0x00000000eab00000,0x00000000ebf00000)
  from space 6656K, 96% used [0x00000000ebf00000,0x00000000ec544b38,0x00000000ec580000)
  to   space 7680K, 0% used [0x00000000ec680000,0x00000000ec680000,0x00000000ece00000)
 ParOldGen       total 68608K, used 14627K [0x00000000c0000000, 0x00000000c4300000, 0x00000000eab00000)
  object space 68608K, 21% used [0x00000000c0000000,0x00000000c0e48f78,0x00000000c4300000)
 Metaspace       used 31491K, capacity 33150K, committed 33408K, reserved 1079296K
  class space    used 3023K, capacity 3606K, committed 3712K, reserved 1048576K
}
Event: 3.484 GC heap before
{Heap before GC invocations=11 (full 1):
 PSYoungGen      total 27136K, used 26898K [0x00000000eab00000, 0x00000000ece00000, 0x0000000100000000)
  eden space 20480K, 100% used [0x00000000eab00000,0x00000000ebf00000,0x00000000ebf00000)
  from space 6656K, 96% used [0x00000000ebf00000,0x00000000ec544b38,0x00000000ec580000)
  to   space 7680K, 0% used [0x00000000ec680000,0x00000000ec680000,0x00000000ece00000)
 ParOldGen       total 68608K, used 14627K [0x00000000c0000000, 0x00000000c4300000, 0x00000000eab00000)
  object space 68608K, 21% used [0x00000000c0000000,0x00000000c0e48f78,0x00000000c4300000)
 Metaspace       used 31491K, capacity 33150K, committed 33408K, reserved 1079296K
  class space    used 3023K, capacity 3606K, committed 3712K, reserved 1048576K
}
Event: 3.526 GC heap after
{Heap after GC invocations=11 (full 1):
 PSYoungGen      total 30208K, used 4640K [0x00000000eab00000, 0x00000000ed600000, 0x0000000100000000)
  eden space 22528K, 0% used [0x00000000eab00000,0x00000000eab00000,0x00000000ec100000)
  from space 7680K, 60% used [0x00000000ec680000,0x00000000ecb08020,0x00000000ece00000)
  to   space 5632K, 0% used [0x00000000ec100000,0x00000000ec100000,0x00000000ec680000)
 ParOldGen       total 68608K, used 18446K [0x00000000c0000000, 0x00000000c4300000, 0x00000000eab00000)
  object space 68608K, 26% used [0x00000000c0000000,0x00000000c1203a90,0x00000000c4300000)
 Metaspace       used 31491K, capacity 33150K, committed 33408K, reserved 1079296K
  class space    used 3023K, capacity 3606K, committed 3712K, reserved 1048576K
}
Event: 3.564 GC heap before
{Heap before GC invocations=12 (full 1):
 PSYoungGen      total 30208K, used 27168K [0x00000000eab00000, 0x00000000ed600000, 0x0000000100000000)
  eden space 22528K, 100% used [0x00000000eab00000,0x00000000ec100000,0x00000000ec100000)
  from space 7680K, 60% used [0x00000000ec680000,0x00000000ecb08020,0x00000000ece00000)
  to   space 5632K, 0% used [0x00000000ec100000,0x00000000ec100000,0x00000000ec680000)
 ParOldGen       total 68608K, used 18446K [0x00000000c0000000, 0x00000000c4300000, 0x00000000eab00000)
  object space 68608K, 26% used [0x00000000c0000000,0x00000000c1203a90,0x00000000c4300000)
 Metaspace       used 31494K, capacity 33150K, committed 33408K, reserved 1079296K
  class space    used 3023K, capacity 3606K, committed 3712K, reserved 1048576K
}
Event: 3.571 GC heap after
{Heap after GC invocations=12 (full 1):
 PSYoungGen      total 24576K, used 2400K [0x00000000eab00000, 0x00000000ec780000, 0x0000000100000000)
  eden space 22016K, 0% used [0x00000000eab00000,0x00000000eab00000,0x00000000ec080000)
  from space 2560K, 93% used [0x00000000ec100000,0x00000000ec358000,0x00000000ec380000)
  to   space 3584K, 0% used [0x00000000ec400000,0x00000000ec400000,0x00000000ec780000)
 ParOldGen       total 68608K, used 23040K [0x00000000c0000000, 0x00000000c4300000, 0x00000000eab00000)
  object space 68608K, 33% used [0x00000000c0000000,0x00000000c1680078,0x00000000c4300000)
 Metaspace       used 31494K, capacity 33150K, committed 33408K, reserved 1079296K
  class space    used 3023K, capacity 3606K, committed 3712K, reserved 1048576K
}
Event: 3.834 GC heap before
{Heap before GC invocations=13 (full 1):
 PSYoungGen      total 24576K, used 24387K [0x00000000eab00000, 0x00000000ec780000, 0x0000000100000000)
  eden space 22016K, 99% used [0x00000000eab00000,0x00000000ec078e30,0x00000000ec080000)
  from space 2560K, 93% used [0x00000000ec100000,0x00000000ec358000,0x00000000ec380000)
  to   space 3584K, 0% used [0x00000000ec400000,0x00000000ec400000,0x00000000ec780000)
 ParOldGen       total 68608K, used 23040K [0x00000000c0000000, 0x00000000c4300000, 0x00000000eab00000)
  object space 68608K, 33% used [0x00000000c0000000,0x00000000c1680078,0x00000000c4300000)
 Metaspace       used 32617K, capacity 34329K, committed 34432K, reserved 1079296K
  class space    used 3086K, capacity 3679K, committed 3712K, reserved 1048576K
}
Event: 3.838 GC heap after
{Heap after GC invocations=13 (full 1):
 PSYoungGen      total 25600K, used 3344K [0x00000000eab00000, 0x00000000ec780000, 0x0000000100000000)
  eden space 22016K, 0% used [0x00000000eab00000,0x00000000eab00000,0x00000000ec080000)
  from space 3584K, 93% used [0x00000000ec400000,0x00000000ec7443d8,0x00000000ec780000)
  to   space 3584K, 0% used [0x00000000ec080000,0x00000000ec080000,0x00000000ec400000)
 ParOldGen       total 68608K, used 25336K [0x00000000c0000000, 0x00000000c4300000, 0x00000000eab00000)
  object space 68608K, 36% used [0x00000000c0000000,0x00000000c18be078,0x00000000c4300000)
 Metaspace       used 32617K, capacity 34329K, committed 34432K, reserved 1079296K
  class space    used 3086K, capacity 3679K, committed 3712K, reserved 1048576K
}
Event: 3.880 GC heap before
{Heap before GC invocations=14 (full 1):
 PSYoungGen      total 25600K, used 5169K [0x00000000eab00000, 0x00000000ec780000, 0x0000000100000000)
  eden space 22016K, 8% used [0x00000000eab00000,0x00000000eacc8380,0x00000000ec080000)
  from space 3584K, 93% used [0x00000000ec400000,0x00000000ec7443d8,0x00000000ec780000)
  to   space 3584K, 0% used [0x00000000ec080000,0x00000000ec080000,0x00000000ec400000)
 ParOldGen       total 68608K, used 25336K [0x00000000c0000000, 0x00000000c4300000, 0x00000000eab00000)
  object space 68608K, 36% used [0x00000000c0000000,0x00000000c18be078,0x00000000c4300000)
 Metaspace       used 33456K, capacity 35129K, committed 35328K, reserved 1081344K
  class space    used 3184K, capacity 3775K, committed 3840K, reserved 1048576K
}
Event: 3.884 GC heap after
{Heap after GC invocations=14 (full 1):
 PSYoungGen      total 22528K, used 128K [0x00000000eab00000, 0x00000000ec480000, 0x0000000100000000)
  eden space 22016K, 0% used [0x00000000eab00000,0x00000000eab00000,0x00000000ec080000)
  from space 512K, 25% used [0x00000000ec080000,0x00000000ec0a0000,0x00000000ec100000)
  to   space 1536K, 0% used [0x00000000ec300000,0x00000000ec300000,0x00000000ec480000)
 ParOldGen       total 68608K, used 28547K [0x00000000c0000000, 0x00000000c4300000, 0x00000000eab00000)
  object space 68608K, 41% used [0x00000000c0000000,0x00000000c1be0db8,0x00000000c4300000)
 Metaspace       used 33456K, capacity 35129K, committed 35328K, reserved 1081344K
  class space    used 3184K, capacity 3775K, committed 3840K, reserved 1048576K
}
Event: 3.884 GC heap before
{Heap before GC invocations=15 (full 2):
 PSYoungGen      total 22528K, used 128K [0x00000000eab00000, 0x00000000ec480000, 0x0000000100000000)
  eden space 22016K, 0% used [0x00000000eab00000,0x00000000eab00000,0x00000000ec080000)
  from space 512K, 25% used [0x00000000ec080000,0x00000000ec0a0000,0x00000000ec100000)
  to   space 1536K, 0% used [0x00000000ec300000,0x00000000ec300000,0x00000000ec480000)
 ParOldGen       total 68608K, used 28547K [0x00000000c0000000, 0x00000000c4300000, 0x00000000eab00000)
  object space 68608K, 41% used [0x00000000c0000000,0x00000000c1be0db8,0x00000000c4300000)
 Metaspace       used 33456K, capacity 35129K, committed 35328K, reserved 1081344K
  class space    used 3184K, capacity 3775K, committed 3840K, reserved 1048576K
}
Event: 4.147 GC heap after
{Heap after GC invocations=15 (full 2):
 PSYoungGen      total 22528K, used 0K [0x00000000eab00000, 0x00000000ec480000, 0x0000000100000000)
  eden space 22016K, 0% used [0x00000000eab00000,0x00000000eab00000,0x00000000ec080000)
  from space 512K, 0% used [0x00000000ec080000,0x00000000ec080000,0x00000000ec100000)
  to   space 1536K, 0% used [0x00000000ec300000,0x00000000ec300000,0x00000000ec480000)
 ParOldGen       total 68608K, used 28151K [0x00000000c0000000, 0x00000000c4300000, 0x00000000eab00000)
  object space 68608K, 41% used [0x00000000c0000000,0x00000000c1b7dc58,0x00000000c4300000)
 Metaspace       used 33456K, capacity 35129K, committed 35328K, reserved 1081344K
  class space    used 3184K, capacity 3775K, committed 3840K, reserved 1048576K
}

Deoptimization events (20 events):
Event: 3.778 Thread 0x00007f412c7bc000 DEOPT PACKING pc=0x00007f411407709e sp=0x00007f40d1dd47e0
Event: 3.778 Thread 0x00007f412c7bc000 DEOPT UNPACKING pc=0x00007f411355757a sp=0x00007f40d1dd3cd8 mode 0
Event: 3.779 Thread 0x00007f412c7bc000 DEOPT PACKING pc=0x00007f411407709e sp=0x00007f40d1dd47e0
Event: 3.779 Thread 0x00007f412c7bc000 DEOPT UNPACKING pc=0x00007f411355757a sp=0x00007f40d1dd3cd8 mode 0
Event: 3.779 Thread 0x00007f412c7bc000 DEOPT PACKING pc=0x00007f411407709e sp=0x00007f40d1dd47e0
Event: 3.779 Thread 0x00007f412c7bc000 DEOPT UNPACKING pc=0x00007f411355757a sp=0x00007f40d1dd3cd8 mode 0
Event: 3.779 Thread 0x00007f412c7bc000 DEOPT PACKING pc=0x00007f411407709e sp=0x00007f40d1dd47e0
Event: 3.779 Thread 0x00007f412c7bc000 DEOPT UNPACKING pc=0x00007f411355757a sp=0x00007f40d1dd3cd8 mode 0
Event: 3.780 Thread 0x00007f412c7bc000 DEOPT PACKING pc=0x00007f411407709e sp=0x00007f40d1dd47e0
Event: 3.780 Thread 0x00007f412c7bc000 DEOPT UNPACKING pc=0x00007f411355757a sp=0x00007f40d1dd3cd8 mode 0
Event: 3.780 Thread 0x00007f412c7bc000 DEOPT PACKING pc=0x00007f411407709e sp=0x00007f40d1dd47e0
Event: 3.780 Thread 0x00007f412c7bc000 DEOPT UNPACKING pc=0x00007f411355757a sp=0x00007f40d1dd3cd8 mode 0
Event: 3.780 Thread 0x00007f412c7bc000 DEOPT PACKING pc=0x00007f4113ef6fb4 sp=0x00007f40d1dd4540
Event: 3.780 Thread 0x00007f412c7bc000 DEOPT UNPACKING pc=0x00007f411355757a sp=0x00007f40d1dd3a80 mode 0
Event: 3.780 Thread 0x00007f412c7bc000 DEOPT PACKING pc=0x00007f411407709e sp=0x00007f40d1dd47e0
Event: 3.780 Thread 0x00007f412c7bc000 DEOPT UNPACKING pc=0x00007f411355757a sp=0x00007f40d1dd3cd8 mode 0
Event: 3.820 Thread 0x00007f412c7bc000 DEOPT PACKING pc=0x00007f411407709e sp=0x00007f40d1dd4750
Event: 3.820 Thread 0x00007f412c7bc000 DEOPT UNPACKING pc=0x00007f411355757a sp=0x00007f40d1dd3c48 mode 0
Event: 3.821 Thread 0x00007f412c7bc000 DEOPT PACKING pc=0x00007f411407709e sp=0x00007f40d1dd4750
Event: 3.821 Thread 0x00007f412c7bc000 DEOPT UNPACKING pc=0x00007f411355757a sp=0x00007f40d1dd3c48 mode 0

Classes redefined (0 events):
No events

Internal exceptions (20 events):
Event: 0.979 Thread 0x00007f412c016000 Exception <a 'java/lang/UnsatisfiedLinkError'{0x00000000eb789cb0}: 'void org.eclipse.equinox.launcher.JNIBridge._update_splash()'> (0x00000000eb789cb0) thrown at [./src/hotspot/share/prims/nativeLookup.cpp, line 527]
Event: 1.134 Thread 0x00007f412c5c6800 Exception <a 'java/lang/NoSuchMethodError'{0x00000000ec0446e8}: 'java.lang.Object java.lang.invoke.DirectMethodHandle$Holder.invokeStatic(java.lang.Object, java.lang.Object, java.lang.Object, java.lang.Object, java.lang.Object, java.lang.Object, java.lang.Object, java.lang.Object, java.lang.Object, java.lang.Object, java.lang.Object, java.lang.Object, java.lang.Object, java.lang.Object, java.lang.Object)'> (0x00000000ec0446e8) thrown at [./src/hotspot/share/interpreter/linkResolver.cpp, line 773]
Event: 1.136 Thread 0x00007f412c5c6800 Exception <a 'java/lang/NoSuchMethodError'{0x00000000ec0526f0}: 'java.lang.Object java.lang.invoke.DirectMethodHandle$Holder.invokeStatic(java.lang.Object, java.lang.Object, java.lang.Object, java.lang.Object, java.lang.Object, java.lang.Object, java.lang.Object, java.lang.Object, java.lang.Object, java.lang.Object, java.lang.Object, java.lang.Object, java.lang.Object, java.lang.Object, java.lang.Object, java.lang.Object)'> (0x00000000ec0526f0) thrown at [./src/hotspot/share/interpreter/linkResolver.cpp, l
Event: 1.137 Thread 0x00007f412c5c6800 Exception <a 'java/lang/NoSuchMethodError'{0x00000000ec060958}: 'java.lang.Object java.lang.invoke.DirectMethodHandle$Holder.invokeSpecial(java.lang.Object, java.lang.Object, int, int, java.lang.Object, java.lang.Object, java.lang.Object)'> (0x00000000ec060958) thrown at [./src/hotspot/share/interpreter/linkResolver.cpp, line 773]
Event: 1.137 Thread 0x00007f412c5c6800 Exception <a 'java/lang/NoSuchMethodError'{0x00000000ec064190}: 'java.lang.Object java.lang.invoke.DelegatingMethodHandle$Holder.reinvoke_L(java.lang.Object, int, int, java.lang.Object, java.lang.Object, java.lang.Object)'> (0x00000000ec064190) thrown at [./src/hotspot/share/interpreter/linkResolver.cpp, line 773]
Event: 1.138 Thread 0x00007f412c5c6800 Exception <a 'java/lang/NoSuchMethodError'{0x00000000ec068260}: 'java.lang.Object java.lang.invoke.DirectMethodHandle$Holder.invokeStatic(java.lang.Object, java.lang.Object, java.lang.Object, java.lang.Object, int)'> (0x00000000ec068260) thrown at [./src/hotspot/share/interpreter/linkResolver.cpp, line 773]
Event: 1.394 Thread 0x00007f412c5c6800 Exception <a 'java/io/FileNotFoundException'{0x00000000eaefdf20}> (0x00000000eaefdf20) thrown at [./src/hotspot/share/prims/jni.cpp, line 615]
Event: 1.533 Thread 0x00007f412c5c6800 Exception <a 'java/io/FileNotFoundException'{0x00000000eb33b528}> (0x00000000eb33b528) thrown at [./src/hotspot/share/prims/jni.cpp, line 615]
Event: 1.661 Thread 0x00007f412c5c6800 Exception <a 'java/lang/NoSuchMethodError'{0x00000000ead53088}: 'int java.lang.invoke.DirectMethodHandle$Holder.invokeStaticInit(java.lang.Object, java.lang.Object, java.lang.Object)'> (0x00000000ead53088) thrown at [./src/hotspot/share/interpreter/linkResolver.cpp, line 773]
Event: 1.668 Thread 0x00007f412c5c6800 Exception <a 'java/lang/IncompatibleClassChangeError'{0x00000000ead9c4c0}: Found class java.lang.Object, but interface was expected> (0x00000000ead9c4c0) thrown at [./src/hotspot/share/interpreter/linkResolver.cpp, line 839]
Event: 1.865 Thread 0x00007f412c5c6800 Exception <a 'java/lang/ClassNotFoundException'{0x00000000ebbf5188}: com/sun/org/apache/xerces/internal/impl/msg/spi/DOMMessagesProvider> (0x00000000ebbf5188) thrown at [./src/hotspot/share/classfile/systemDictionary.cpp, line 234]
Event: 1.867 Thread 0x00007f412c5c6800 Exception <a 'java/lang/ClassNotFoundException'{0x00000000ebc099e0}: com/sun/org/apache/xerces/internal/impl/msg/spi/XMLSerializerMessagesProvider> (0x00000000ebc099e0) thrown at [./src/hotspot/share/classfile/systemDictionary.cpp, line 234]
Event: 1.869 Thread 0x00007f412c5c6800 Exception <a 'java/lang/ClassNotFoundException'{0x00000000ebc15120}: com/sun/org/apache/xerces/internal/impl/msg/spi/XMLMessagesProvider> (0x00000000ebc15120) thrown at [./src/hotspot/share/classfile/systemDictionary.cpp, line 234]
Event: 2.430 Thread 0x00007f412c5c6800 Exception <a 'java/lang/ClassNotFoundException'{0x00000000ebe86320}: com/sun/org/apache/xml/internal/serializer/spi/XMLEntitiesProvider> (0x00000000ebe86320) thrown at [./src/hotspot/share/classfile/systemDictionary.cpp, line 234]
Event: 2.545 Thread 0x00007f412c016000 Exception <a 'java/lang/NoSuchMethodError'{0x00000000ec163888}: 'void java.lang.invoke.DirectMethodHandle$Holder.invokeStatic(java.lang.Object, java.lang.Object, java.lang.Object, java.lang.Object)'> (0x00000000ec163888) thrown at [./src/hotspot/share/interpreter/linkResolver.cpp, line 773]
Event: 2.736 Thread 0x00007f412c7bc000 Exception <a 'java/io/FileNotFoundException'{0x00000000eadba790}> (0x00000000eadba790) thrown at [./src/hotspot/share/prims/jni.cpp, line 615]
Event: 3.193 Thread 0x00007f4088001800 Exception <a 'java/io/FileNotFoundException'{0x00000000ec19a768}> (0x00000000ec19a768) thrown at [./src/hotspot/share/prims/jni.cpp, line 615]
Event: 3.193 Thread 0x00007f4088001800 Exception <a 'java/io/FileNotFoundException'{0x00000000ec19c0d0}> (0x00000000ec19c0d0) thrown at [./src/hotspot/share/prims/jni.cpp, line 615]
Event: 3.221 Thread 0x00007f4088001800 Exception <a 'java/lang/NoSuchMethodError'{0x00000000ec1a49c0}: 'void java.lang.invoke.DirectMethodHandle$Holder.invokeStaticInit(java.lang.Object, java.lang.Object, java.lang.Object)'> (0x00000000ec1a49c0) thrown at [./src/hotspot/share/interpreter/linkResolver.cpp, line 773]
Event: 3.759 Thread 0x00007f412c7bc000 Exception <a 'java/lang/NoSuchMethodError'{0x00000000ebd63bf8}: 'java.lang.Object java.lang.invoke.DirectMethodHandle$Holder.invokeInterface(java.lang.Object, java.lang.Object, java.lang.Object)'> (0x00000000ebd63bf8) thrown at [./src/hotspot/share/interpreter/linkResolver.cpp, line 773]

Events (20 events):
Event: 3.768 Executing VM operation: RevokeBias done
Event: 3.768 Executing VM operation: RevokeBias
Event: 3.768 Executing VM operation: RevokeBias done
Event: 3.770 Executing VM operation: RevokeBias
Event: 3.770 Executing VM operation: RevokeBias done
Event: 3.770 Executing VM operation: RevokeBias
Event: 3.770 Executing VM operation: RevokeBias done
Event: 3.777 loading class org/eclipse/jdt/internal/compiler/problem/messages
Event: 3.777 loading class org/eclipse/jdt/internal/compiler/problem/messages done
Event: 3.781 loading class org/eclipse/jdt/internal/compiler/problem/messages_en
Event: 3.781 loading class org/eclipse/jdt/internal/compiler/problem/messages_en done
Event: 3.781 loading class org/eclipse/jdt/internal/compiler/problem/messages_en_US
Event: 3.781 loading class org/eclipse/jdt/internal/compiler/problem/messages_en_US done
Event: 3.834 Executing VM operation: ParallelGCFailedAllocation
Event: 3.838 Executing VM operation: ParallelGCFailedAllocation done
Event: 3.861 Executing VM operation: Deoptimize
Event: 3.862 Executing VM operation: Deoptimize done
Event: 3.880 Executing VM operation: CollectForMetadataAllocation
Event: 4.147 Executing VM operation: CollectForMetadataAllocation done
Event: 4.148 Executing VM operation: RevokeBias


Dynamic libraries:
c0000000-c4300000 rw-p 00000000 00:00 0 
c4300000-eab00000 ---p 00000000 00:00 0 
eab00000-ec480000 rw-p 00000000 00:00 0 
ec480000-100000000 ---p 00000000 00:00 0 
100000000-1003c0000 rw-p 00000000 00:00 0 
1003c0000-140000000 ---p 00000000 00:00 0 
55b90e28b000-55b90e28c000 r-xp 00000000 08:01 5429905                    /home/gitpod/.sdkman/candidates/java/11.0.11.fx-zulu/bin/java
55b90e48c000-55b90e48d000 r--p 00001000 08:01 5429905                    /home/gitpod/.sdkman/candidates/java/11.0.11.fx-zulu/bin/java
55b90e48d000-55b90e48e000 rw-p 00002000 08:01 5429905                    /home/gitpod/.sdkman/candidates/java/11.0.11.fx-zulu/bin/java
55b90f681000-55b90f6a2000 rw-p 00000000 00:00 0                          [heap]
7f4076531000-7f4080000000 r--s 00000000 08:01 5677578                    /home/gitpod/.sdkman/candidates/java/11.0.11.fx-zulu/lib/modules
7f4080000000-7f4080823000 rw-p 00000000 00:00 0 
7f4080823000-7f4084000000 ---p 00000000 00:00 0 
7f4084000000-7f4084110000 rw-p 00000000 00:00 0 
7f4084110000-7f4088000000 ---p 00000000 00:00 0 
7f4088000000-7f4088021000 rw-p 00000000 00:00 0 
7f4088021000-7f408c000000 ---p 00000000 00:00 0 
7f408c000000-7f408c0dd000 rw-p 00000000 00:00 0 
7f408c0dd000-7f4090000000 ---p 00000000 00:00 0 
7f4090000000-7f4090021000 rw-p 00000000 00:00 0 
7f4090021000-7f4094000000 ---p 00000000 00:00 0 
7f4094000000-7f4094021000 rw-p 00000000 00:00 0 
7f4094021000-7f4098000000 ---p 00000000 00:00 0 
7f4098000000-7f4098021000 rw-p 00000000 00:00 0 
7f4098021000-7f409c000000 ---p 00000000 00:00 0 
7f409c000000-7f409c021000 rw-p 00000000 00:00 0 
7f409c021000-7f40a0000000 ---p 00000000 00:00 0 
7f40a0000000-7f40a0021000 rw-p 00000000 00:00 0 
7f40a0021000-7f40a4000000 ---p 00000000 00:00 0 
7f40a4000000-7f40a4021000 rw-p 00000000 00:00 0 
7f40a4021000-7f40a8000000 ---p 00000000 00:00 0 
7f40a8000000-7f40a8021000 rw-p 00000000 00:00 0 
7f40a8021000-7f40ac000000 ---p 00000000 00:00 0 
7f40ac000000-7f40ac494000 rw-p 00000000 00:00 0 
7f40ac494000-7f40b0000000 ---p 00000000 00:00 0 
7f40b0000000-7f40b0021000 rw-p 00000000 00:00 0 
7f40b0021000-7f40b4000000 ---p 00000000 00:00 0 
7f40b4000000-7f40b4021000 rw-p 00000000 00:00 0 
7f40b4021000-7f40b8000000 ---p 00000000 00:00 0 
7f40b8000000-7f40b8021000 rw-p 00000000 00:00 0 
7f40b8021000-7f40bc000000 ---p 00000000 00:00 0 
7f40bc000000-7f40bc021000 rw-p 00000000 00:00 0 
7f40bc021000-7f40c0000000 ---p 00000000 00:00 0 
7f40c0000000-7f40c0021000 rw-p 00000000 00:00 0 
7f40c0021000-7f40c4000000 ---p 00000000 00:00 0 
7f40c4000000-7f40c4021000 rw-p 00000000 00:00 0 
7f40c4021000-7f40c8000000 ---p 00000000 00:00 0 
7f40c8000000-7f40c8021000 rw-p 00000000 00:00 0 
7f40c8021000-7f40cc000000 ---p 00000000 00:00 0 
7f40cc000000-7f40cc021000 rw-p 00000000 00:00 0 
7f40cc021000-7f40d0000000 ---p 00000000 00:00 0 
7f40d131a000-7f40d17d7000 rw-p 00000000 00:00 0 
7f40d17d7000-7f40d18d7000 ---p 00000000 00:00 0 
7f40d18d7000-7f40d1ad7000 rw-p 00000000 00:00 0 
7f40d1ad7000-7f40d1cd7000 rw-p 00000000 00:00 0 
7f40d1cd7000-7f40d1cdb000 ---p 00000000 00:00 0 
7f40d1cdb000-7f40d1fd8000 rw-p 00000000 00:00 0 
7f40d1fd8000-7f40d1fdc000 ---p 00000000 00:00 0 
7f40d1fdc000-7f40d22d9000 rw-p 00000000 00:00 0 
7f40d22d9000-7f40d24d9000 rw-p 00000000 00:00 0 
7f40d24d9000-7f40d24dd000 ---p 00000000 00:00 0 
7f40d24dd000-7f40d25da000 rw-p 00000000 00:00 0 
7f40d25da000-7f40d25de000 ---p 00000000 00:00 0 
7f40d25de000-7f40d26db000 rw-p 00000000 00:00 0 
7f40d26db000-7f40d26dc000 ---p 00000000 00:00 0 
7f40d26dc000-7f40d27dd000 rw-p 00000000 00:00 0 
7f40d27dd000-7f40d27de000 ---p 00000000 00:00 0 
7f40d27de000-7f40d2adf000 rw-p 00000000 00:00 0 
7f40d2adf000-7f40d2ae3000 ---p 00000000 00:00 0 
7f40d2ae3000-7f40d2de0000 rw-p 00000000 00:00 0 
7f40d2de0000-7f40d2de4000 ---p 00000000 00:00 0 
7f40d2de4000-7f40d30e1000 rw-p 00000000 00:00 0 
7f40d30e1000-7f40d30e5000 ---p 00000000 00:00 0 
7f40d30e5000-7f40d31e2000 rw-p 00000000 00:00 0 
7f40d31e2000-7f40d31f2000 r-xp 00000000 08:01 2096163                    /home/gitpod/.gitpod-code/User/globalStorage/redhat.java/0.79.2/config_ss_linux/org.eclipse.equinox.launcher/org.eclipse.equinox.launcher.gtk.linux.x86_64_1.2.200.v20210406-1409/eclipse_11401.so
7f40d31f2000-7f40d33f1000 ---p 00010000 08:01 2096163                    /home/gitpod/.gitpod-code/User/globalStorage/redhat.java/0.79.2/config_ss_linux/org.eclipse.equinox.launcher/org.eclipse.equinox.launcher.gtk.linux.x86_64_1.2.200.v20210406-1409/eclipse_11401.so
7f40d33f1000-7f40d33f2000 r--p 0000f000 08:01 2096163                    /home/gitpod/.gitpod-code/User/globalStorage/redhat.java/0.79.2/config_ss_linux/org.eclipse.equinox.launcher/org.eclipse.equinox.launcher.gtk.linux.x86_64_1.2.200.v20210406-1409/eclipse_11401.so
7f40d33f2000-7f40d33f3000 rw-p 00010000 08:01 2096163                    /home/gitpod/.gitpod-code/User/globalStorage/redhat.java/0.79.2/config_ss_linux/org.eclipse.equinox.launcher/org.eclipse.equinox.launcher.gtk.linux.x86_64_1.2.200.v20210406-1409/eclipse_11401.so
7f40d33f3000-7f40d33f7000 ---p 00000000 00:00 0 
7f40d33f7000-7f40d34f4000 rw-p 00000000 00:00 0 
7f40d34f4000-7f40d34f8000 ---p 00000000 00:00 0 
7f40d34f8000-7f40d35f5000 rw-p 00000000 00:00 0 
7f40d35f5000-7f40d35f9000 ---p 00000000 00:00 0 
7f40d35f9000-7f40d38f6000 rw-p 00000000 00:00 0 
7f40d38f6000-7f40d38f7000 ---p 00000000 00:00 0 
7f40d38f7000-7f40d39f8000 rw-p 00000000 00:00 0 
7f40d39f8000-7f40d39f9000 ---p 00000000 00:00 0 
7f40d39f9000-7f40d3afa000 rw-p 00000000 00:00 0 
7f40d3afa000-7f40d3afb000 ---p 00000000 00:00 0 
7f40d3afb000-7f40d3bfc000 rw-p 00000000 00:00 0 
7f40d3bfc000-7f40d3c00000 ---p 00000000 00:00 0 
7f40d3c00000-7f40d3cfd000 rw-p 00000000 00:00 0 
7f40d3cfd000-7f40d3d01000 ---p 00000000 00:00 0 
7f40d3d01000-7f40d3dfe000 rw-p 00000000 00:00 0 
7f40d3dfe000-7f40d3e02000 ---p 00000000 00:00 0 
7f40d3e02000-7f40d3eff000 rw-p 00000000 00:00 0 
7f40d3eff000-7f40d3f03000 ---p 00000000 00:00 0 
7f40d3f03000-7f40d4000000 rw-p 00000000 00:00 0 
7f40d4000000-7f40d4021000 rw-p 00000000 00:00 0 
7f40d4021000-7f40d8000000 ---p 00000000 00:00 0 
7f40d8000000-7f40d8021000 rw-p 00000000 00:00 0 
7f40d8021000-7f40dc000000 ---p 00000000 00:00 0 
7f40dc000000-7f40dc021000 rw-p 00000000 00:00 0 
7f40dc021000-7f40e0000000 ---p 00000000 00:00 0 
7f40e0000000-7f40e0021000 rw-p 00000000 00:00 0 
7f40e0021000-7f40e4000000 ---p 00000000 00:00 0 
7f40e4000000-7f40e4021000 rw-p 00000000 00:00 0 
7f40e4021000-7f40e8000000 ---p 00000000 00:00 0 
7f40e8000000-7f40e8567000 rw-p 00000000 00:00 0 
7f40e8567000-7f40ec000000 ---p 00000000 00:00 0 
7f40ec000000-7f40ec4e2000 rw-p 00000000 00:00 0 
7f40ec4e2000-7f40f0000000 ---p 00000000 00:00 0 
7f40f0000000-7f40f0021000 rw-p 00000000 00:00 0 
7f40f0021000-7f40f4000000 ---p 00000000 00:00 0 
7f40f4000000-7f40f4021000 rw-p 00000000 00:00 0 
7f40f4021000-7f40f8000000 ---p 00000000 00:00 0 
7f40f8000000-7f40f8bd5000 rw-p 00000000 00:00 0 
7f40f8bd5000-7f40fc000000 ---p 00000000 00:00 0 
7f40fc000000-7f40fc021000 rw-p 00000000 00:00 0 
7f40fc021000-7f4100000000 ---p 00000000 00:00 0 
7f4100000000-7f4100021000 rw-p 00000000 00:00 0 
7f4100021000-7f4104000000 ---p 00000000 00:00 0 
7f4104000000-7f4104021000 rw-p 00000000 00:00 0 
7f4104021000-7f4108000000 ---p 00000000 00:00 0 
7f4108000000-7f4108021000 rw-p 00000000 00:00 0 
7f4108021000-7f410c000000 ---p 00000000 00:00 0 
7f410c000000-7f410c021000 rw-p 00000000 00:00 0 
7f410c021000-7f4110000000 ---p 00000000 00:00 0 
7f41100a8000-7f41100ac000 ---p 00000000 00:00 0 
7f41100ac000-7f41101a9000 rw-p 00000000 00:00 0 
7f41101a9000-7f41101ad000 ---p 00000000 00:00 0 
7f41101ad000-7f41102aa000 rw-p 00000000 00:00 0 
7f41102aa000-7f41102ae000 ---p 00000000 00:00 0 
7f41102ae000-7f41105ab000 rw-p 00000000 00:00 0 
7f41105ab000-7f41107ab000 rw-p 00000000 00:00 0 
7f41107ab000-7f41107ea000 r-xp 00000000 08:01 5677574                    /home/gitpod/.sdkman/candidates/java/11.0.11.fx-zulu/lib/libsunec.so
7f41107ea000-7f41109e9000 ---p 0003f000 08:01 5677574                    /home/gitpod/.sdkman/candidates/java/11.0.11.fx-zulu/lib/libsunec.so
7f41109e9000-7f41109ef000 r--p 0003e000 08:01 5677574                    /home/gitpod/.sdkman/candidates/java/11.0.11.fx-zulu/lib/libsunec.so
7f41109ef000-7f41109f1000 rw-p 00044000 08:01 5677574                    /home/gitpod/.sdkman/candidates/java/11.0.11.fx-zulu/lib/libsunec.so
7f41109f1000-7f4110a03000 rw-p 00000000 00:00 0 
7f4110a03000-7f4110a1a000 r-xp 00000000 08:01 5677564                    /home/gitpod/.sdkman/candidates/java/11.0.11.fx-zulu/lib/libnet.so
7f4110a1a000-7f4110c19000 ---p 00017000 08:01 5677564                    /home/gitpod/.sdkman/candidates/java/11.0.11.fx-zulu/lib/libnet.so
7f4110c19000-7f4110c1a000 r--p 00016000 08:01 5677564                    /home/gitpod/.sdkman/candidates/java/11.0.11.fx-zulu/lib/libnet.so
7f4110c1a000-7f4110c1b000 rw-p 00017000 08:01 5677564                    /home/gitpod/.sdkman/candidates/java/11.0.11.fx-zulu/lib/libnet.so
7f4110c1b000-7f4110c2b000 r-xp 00000000 08:01 5677565                    /home/gitpod/.sdkman/candidates/java/11.0.11.fx-zulu/lib/libnio.so
7f4110c2b000-7f4110e2b000 ---p 00010000 08:01 5677565                    /home/gitpod/.sdkman/candidates/java/11.0.11.fx-zulu/lib/libnio.so
7f4110e2b000-7f4110e2c000 r--p 00010000 08:01 5677565                    /home/gitpod/.sdkman/candidates/java/11.0.11.fx-zulu/lib/libnio.so
7f4110e2c000-7f4110e2d000 rw-p 00011000 08:01 5677565                    /home/gitpod/.sdkman/candidates/java/11.0.11.fx-zulu/lib/libnio.so
7f4110e2d000-7f4110e2e000 ---p 00000000 00:00 0 
7f4110e2e000-7f4110f2f000 rw-p 00000000 00:00 0 
7f4110f2f000-7f4110f33000 ---p 00000000 00:00 0 
7f4110f33000-7f4111030000 rw-p 00000000 00:00 0 
7f4111030000-7f4111034000 ---p 00000000 00:00 0 
7f4111034000-7f4111131000 rw-p 00000000 00:00 0 
7f4111131000-7f4111135000 ---p 00000000 00:00 0 
7f4111135000-7f4111232000 rw-p 00000000 00:00 0 
7f4111232000-7f4111236000 ---p 00000000 00:00 0 
7f4111236000-7f4111333000 rw-p 00000000 00:00 0 
7f4111333000-7f4111337000 ---p 00000000 00:00 0 
7f4111337000-7f4111434000 rw-p 00000000 00:00 0 
7f4111434000-7f4111438000 ---p 00000000 00:00 0 
7f4111438000-7f4111535000 rw-p 00000000 00:00 0 
7f4111535000-7f4111539000 ---p 00000000 00:00 0 
7f4111539000-7f4111636000 rw-p 00000000 00:00 0 
7f4111636000-7f411191c000 r--p 00000000 08:01 4391922                    /usr/lib/locale/locale-archive
7f411191c000-7f4111920000 ---p 00000000 00:00 0 
7f4111920000-7f4111a1d000 rw-p 00000000 00:00 0 
7f4111a1d000-7f4111a21000 ---p 00000000 00:00 0 
7f4111a21000-7f4111b1e000 rw-p 00000000 00:00 0 
7f4111b1e000-7f4111b1f000 ---p 00000000 00:00 0 
7f4111b1f000-7f4113531000 rw-p 00000000 00:00 0 
7f4113531000-7f41137a1000 rwxp 00000000 00:00 0 
7f41137a1000-7f4113ac1000 ---p 00000000 00:00 0 
7f4113ac1000-7f41141c1000 rwxp 00000000 00:00 0 
7f41141c1000-7f411aff9000 ---p 00000000 00:00 0 
7f411aff9000-7f411b269000 rwxp 00000000 00:00 0 
7f411b269000-7f4122531000 ---p 00000000 00:00 0 
7f4122531000-7f412c000000 r--s 00000000 08:01 5677578                    /home/gitpod/.sdkman/candidates/java/11.0.11.fx-zulu/lib/modules
7f412c000000-7f412c7fc000 rw-p 00000000 00:00 0 
7f412c7fc000-7f4130000000 ---p 00000000 00:00 0 
7f4130005000-7f4130009000 ---p 00000000 00:00 0 
7f4130009000-7f413271b000 rw-p 00000000 00:00 0 
7f413271b000-7f413271c000 ---p 00000000 00:00 0 
7f413271c000-7f413283f000 rw-p 00000000 00:00 0 
7f413283f000-7f4132973000 ---p 00000000 00:00 0 
7f4132973000-7f4132995000 rw-p 00000000 00:00 0 
7f4132995000-7f4132ac8000 ---p 00000000 00:00 0 
7f4132ac8000-7f4132ad6000 rw-p 00000000 00:00 0 
7f4132ad6000-7f4132b73000 ---p 00000000 00:00 0 
7f4132b73000-7f4132b79000 rw-p 00000000 00:00 0 
7f4132b79000-7f4132c5f000 ---p 00000000 00:00 0 
7f4132c5f000-7f4132c6d000 rw-p 00000000 00:00 0 
7f4132c6d000-7f4132d4a000 ---p 00000000 00:00 0 
7f4132d4a000-7f4132d4f000 rw-p 00000000 00:00 0 
7f4132d4f000-7f4132d56000 ---p 00000000 00:00 0 
7f4132d56000-7f4132d5d000 r-xp 00000000 08:01 5677577                    /home/gitpod/.sdkman/candidates/java/11.0.11.fx-zulu/lib/libzip.so
7f4132d5d000-7f4132f5d000 ---p 00007000 08:01 5677577                    /home/gitpod/.sdkman/candidates/java/11.0.11.fx-zulu/lib/libzip.so
7f4132f5d000-7f4132f5e000 r--p 00007000 08:01 5677577                    /home/gitpod/.sdkman/candidates/java/11.0.11.fx-zulu/lib/libzip.so
7f4132f5e000-7f4132f5f000 rw-p 00000000 00:00 0 
7f4132f5f000-7f4132f62000 r--p 00000000 08:01 4396760                    /usr/lib/x86_64-linux-gnu/libnss_files-2.31.so
7f4132f62000-7f4132f69000 r-xp 00003000 08:01 4396760                    /usr/lib/x86_64-linux-gnu/libnss_files-2.31.so
7f4132f69000-7f4132f6b000 r--p 0000a000 08:01 4396760                    /usr/lib/x86_64-linux-gnu/libnss_files-2.31.so
7f4132f6b000-7f4132f6c000 r--p 0000b000 08:01 4396760                    /usr/lib/x86_64-linux-gnu/libnss_files-2.31.so
7f4132f6c000-7f4132f6d000 rw-p 0000c000 08:01 4396760                    /usr/lib/x86_64-linux-gnu/libnss_files-2.31.so
7f4132f6d000-7f4132f73000 rw-p 00000000 00:00 0 
7f4132f73000-7f4132f7b000 rw-s 00000000 00:7bf 145                       /tmp/hsperfdata_gitpod/7640
7f4132f7b000-7f4132f95000 r-xp 00000000 08:01 5677556                    /home/gitpod/.sdkman/candidates/java/11.0.11.fx-zulu/lib/libjimage.so
7f4132f95000-7f4133194000 ---p 0001a000 08:01 5677556                    /home/gitpod/.sdkman/candidates/java/11.0.11.fx-zulu/lib/libjimage.so
7f4133194000-7f4133196000 r--p 00019000 08:01 5677556                    /home/gitpod/.sdkman/candidates/java/11.0.11.fx-zulu/lib/libjimage.so
7f4133196000-7f4133197000 rw-p 0001b000 08:01 5677556                    /home/gitpod/.sdkman/candidates/java/11.0.11.fx-zulu/lib/libjimage.so
7f4133197000-7f41331a8000 rw-p 00000000 00:00 0 
7f41331a8000-7f41331d2000 r-xp 00000000 08:01 5677546                    /home/gitpod/.sdkman/candidates/java/11.0.11.fx-zulu/lib/libjava.so
7f41331d2000-7f41333d1000 ---p 0002a000 08:01 5677546                    /home/gitpod/.sdkman/candidates/java/11.0.11.fx-zulu/lib/libjava.so
7f41333d1000-7f41333d2000 r--p 00029000 08:01 5677546                    /home/gitpod/.sdkman/candidates/java/11.0.11.fx-zulu/lib/libjava.so
7f41333d2000-7f41333d3000 rw-p 0002a000 08:01 5677546                    /home/gitpod/.sdkman/candidates/java/11.0.11.fx-zulu/lib/libjava.so
7f41333d3000-7f41333d4000 rw-p 00000000 00:00 0 
7f41333d4000-7f41333e1000 r-xp 00000000 08:01 5677576                    /home/gitpod/.sdkman/candidates/java/11.0.11.fx-zulu/lib/libverify.so
7f41333e1000-7f41335e0000 ---p 0000d000 08:01 5677576                    /home/gitpod/.sdkman/candidates/java/11.0.11.fx-zulu/lib/libverify.so
7f41335e0000-7f41335e2000 rw-p 0000c000 08:01 5677576                    /home/gitpod/.sdkman/candidates/java/11.0.11.fx-zulu/lib/libverify.so
7f41335e2000-7f41335e3000 rw-p 00000000 00:00 0 
7f41335e3000-7f41335e6000 r--p 00000000 08:01 4396844                    /usr/lib/x86_64-linux-gnu/librt-2.31.so
7f41335e6000-7f41335ea000 r-xp 00003000 08:01 4396844                    /usr/lib/x86_64-linux-gnu/librt-2.31.so
7f41335ea000-7f41335eb000 r--p 00007000 08:01 4396844                    /usr/lib/x86_64-linux-gnu/librt-2.31.so
7f41335eb000-7f41335ec000 ---p 00008000 08:01 4396844                    /usr/lib/x86_64-linux-gnu/librt-2.31.so
7f41335ec000-7f41335ed000 r--p 00008000 08:01 4396844                    /usr/lib/x86_64-linux-gnu/librt-2.31.so
7f41335ed000-7f41335ee000 rw-p 00009000 08:01 4396844                    /usr/lib/x86_64-linux-gnu/librt-2.31.so
7f41335ee000-7f41335f2000 ---p 00000000 00:00 0 
7f41335f2000-7f41336ef000 rw-p 00000000 00:00 0 
7f41336ef000-7f41336fe000 r--p 00000000 08:01 4396722                    /usr/lib/x86_64-linux-gnu/libm-2.31.so
7f41336fe000-7f41337a5000 r-xp 0000f000 08:01 4396722                    /usr/lib/x86_64-linux-gnu/libm-2.31.so
7f41337a5000-7f413383c000 r--p 000b6000 08:01 4396722                    /usr/lib/x86_64-linux-gnu/libm-2.31.so
7f413383c000-7f413383d000 r--p 0014c000 08:01 4396722                    /usr/lib/x86_64-linux-gnu/libm-2.31.so
7f413383d000-7f413383e000 rw-p 0014d000 08:01 4396722                    /usr/lib/x86_64-linux-gnu/libm-2.31.so
7f413383e000-7f4134a8d000 r-xp 00000000 08:01 5677589                    /home/gitpod/.sdkman/candidates/java/11.0.11.fx-zulu/lib/server/libjvm.so
7f4134a8d000-7f4134c8d000 ---p 0124f000 08:01 5677589                    /home/gitpod/.sdkman/candidates/java/11.0.11.fx-zulu/lib/server/libjvm.so
7f4134c8d000-7f4134d66000 r--p 0124f000 08:01 5677589                    /home/gitpod/.sdkman/candidates/java/11.0.11.fx-zulu/lib/server/libjvm.so
7f4134d66000-7f4134da1000 rw-p 01328000 08:01 5677589                    /home/gitpod/.sdkman/candidates/java/11.0.11.fx-zulu/lib/server/libjvm.so
7f4134da1000-7f4134e0f000 rw-p 00000000 00:00 0 
7f4134e0f000-7f4134e34000 r--p 00000000 08:01 4396537                    /usr/lib/x86_64-linux-gnu/libc-2.31.so
7f4134e34000-7f4134fac000 r-xp 00025000 08:01 4396537                    /usr/lib/x86_64-linux-gnu/libc-2.31.so
7f4134fac000-7f4134ff6000 r--p 0019d000 08:01 4396537                    /usr/lib/x86_64-linux-gnu/libc-2.31.so
7f4134ff6000-7f4134ff7000 ---p 001e7000 08:01 4396537                    /usr/lib/x86_64-linux-gnu/libc-2.31.so
7f4134ff7000-7f4134ffa000 r--p 001e7000 08:01 4396537                    /usr/lib/x86_64-linux-gnu/libc-2.31.so
7f4134ffa000-7f4134ffd000 rw-p 001ea000 08:01 4396537                    /usr/lib/x86_64-linux-gnu/libc-2.31.so
7f4134ffd000-7f4135001000 rw-p 00000000 00:00 0 
7f4135001000-7f4135002000 r--p 00000000 08:01 4396578                    /usr/lib/x86_64-linux-gnu/libdl-2.31.so
7f4135002000-7f4135004000 r-xp 00001000 08:01 4396578                    /usr/lib/x86_64-linux-gnu/libdl-2.31.so
7f4135004000-7f4135005000 r--p 00003000 08:01 4396578                    /usr/lib/x86_64-linux-gnu/libdl-2.31.so
7f4135005000-7f4135006000 r--p 00003000 08:01 4396578                    /usr/lib/x86_64-linux-gnu/libdl-2.31.so
7f4135006000-7f4135007000 rw-p 00004000 08:01 4396578                    /usr/lib/x86_64-linux-gnu/libdl-2.31.so
7f4135007000-7f4135016000 r-xp 00000000 08:01 5677521                    /home/gitpod/.sdkman/candidates/java/11.0.11.fx-zulu/lib/jli/libjli.so
7f4135016000-7f4135216000 ---p 0000f000 08:01 5677521                    /home/gitpod/.sdkman/candidates/java/11.0.11.fx-zulu/lib/jli/libjli.so
7f4135216000-7f4135217000 r--p 0000f000 08:01 5677521                    /home/gitpod/.sdkman/candidates/java/11.0.11.fx-zulu/lib/jli/libjli.so
7f4135217000-7f4135218000 rw-p 00010000 08:01 5677521                    /home/gitpod/.sdkman/candidates/java/11.0.11.fx-zulu/lib/jli/libjli.so
7f4135218000-7f413521f000 r--p 00000000 08:01 4396833                    /usr/lib/x86_64-linux-gnu/libpthread-2.31.so
7f413521f000-7f4135230000 r-xp 00007000 08:01 4396833                    /usr/lib/x86_64-linux-gnu/libpthread-2.31.so
7f4135230000-7f4135235000 r--p 00018000 08:01 4396833                    /usr/lib/x86_64-linux-gnu/libpthread-2.31.so
7f4135235000-7f4135236000 r--p 0001c000 08:01 4396833                    /usr/lib/x86_64-linux-gnu/libpthread-2.31.so
7f4135236000-7f4135237000 rw-p 0001d000 08:01 4396833                    /usr/lib/x86_64-linux-gnu/libpthread-2.31.so
7f4135237000-7f413523b000 rw-p 00000000 00:00 0 
7f413523b000-7f413523d000 r--p 00000000 08:01 3617964                    /usr/lib/x86_64-linux-gnu/libz.so.1.2.11
7f413523d000-7f413524e000 r-xp 00002000 08:01 3617964                    /usr/lib/x86_64-linux-gnu/libz.so.1.2.11
7f413524e000-7f4135254000 r--p 00013000 08:01 3617964                    /usr/lib/x86_64-linux-gnu/libz.so.1.2.11
7f4135254000-7f4135255000 ---p 00019000 08:01 3617964                    /usr/lib/x86_64-linux-gnu/libz.so.1.2.11
7f4135255000-7f4135256000 r--p 00019000 08:01 3617964                    /usr/lib/x86_64-linux-gnu/libz.so.1.2.11
7f4135256000-7f4135257000 rw-p 0001a000 08:01 3617964                    /usr/lib/x86_64-linux-gnu/libz.so.1.2.11
7f413525d000-7f413525e000 ---p 00000000 00:00 0 
7f413525e000-7f413525f000 r--p 00000000 00:00 0 
7f413525f000-7f4135261000 rw-p 00000000 00:00 0 
7f4135261000-7f4135262000 r--p 00000000 08:01 4396342                    /usr/lib/x86_64-linux-gnu/ld-2.31.so
7f4135262000-7f4135285000 r-xp 00001000 08:01 4396342                    /usr/lib/x86_64-linux-gnu/ld-2.31.so
7f4135285000-7f413528d000 r--p 00024000 08:01 4396342                    /usr/lib/x86_64-linux-gnu/ld-2.31.so
7f413528e000-7f413528f000 r--p 0002c000 08:01 4396342                    /usr/lib/x86_64-linux-gnu/ld-2.31.so
7f413528f000-7f4135290000 rw-p 0002d000 08:01 4396342                    /usr/lib/x86_64-linux-gnu/ld-2.31.so
7f4135290000-7f4135291000 rw-p 00000000 00:00 0 
7ffff7875000-7ffff7899000 rw-p 00000000 00:00 0                          [stack]
7ffff797c000-7ffff797f000 r--p 00000000 00:00 0                          [vvar]
7ffff797f000-7ffff7980000 r-xp 00000000 00:00 0                          [vdso]
ffffffffff600000-ffffffffff601000 r-xp 00000000 00:00 0                  [vsyscall]


VM Arguments:
jvm_args: -Xmx1879m --add-modules=ALL-SYSTEM --add-opens=java.base/java.util=ALL-UNNAMED --add-opens=java.base/java.lang=ALL-UNNAMED -Declipse.application=org.eclipse.jdt.ls.core.id1 -Dosgi.bundles.defaultStartLevel=4 -Declipse.product=org.eclipse.jdt.ls.core.product -Dfile.encoding=utf8 -XX:+UseParallelGC -XX:GCTimeRatio=4 -XX:AdaptiveSizePolicyWeight=90 -Dsun.zip.disableMemoryMapping=true -Xmx1G -Xms100m -Xverify:none 
java_command: /home/gitpod/.gitpod-code/extensions/redhat.java-0.79.2/server/plugins/org.eclipse.equinox.launcher_1.6.100.v20201223-0822.jar -configuration /home/gitpod/.gitpod-code/User/globalStorage/redhat.java/0.79.2/config_ss_linux -data /home/gitpod/.gitpod-code/User/workspaceStorage/6117209f/redhat.java/ss_ws
java_class_path (initial): /home/gitpod/.gitpod-code/extensions/redhat.java-0.79.2/server/plugins/org.eclipse.equinox.launcher_1.6.100.v20201223-0822.jar
Launcher Type: SUN_STANDARD

[Global flags]
    uintx AdaptiveSizePolicyWeight                 = 90                                        {product} {command line}
     bool BytecodeVerificationLocal                = false                                     {product} {command line}
     bool BytecodeVerificationRemote               = false                                     {product} {command line}
     intx CICompilerCount                          = 3                                         {product} {ergonomic}
    uintx GCTimeRatio                              = 4                                         {product} {command line}
   size_t InitialHeapSize                          = 104857600                                 {product} {command line}
   size_t MaxHeapSize                              = 1073741824                                {product} {command line}
   size_t MaxNewSize                               = 357564416                                 {product} {ergonomic}
   size_t MinHeapDeltaBytes                        = 524288                                    {product} {ergonomic}
   size_t NewSize                                  = 34603008                                  {product} {ergonomic}
    uintx NonNMethodCodeHeapSize                   = 5830732                                {pd product} {ergonomic}
    uintx NonProfiledCodeHeapSize                  = 122913754                              {pd product} {ergonomic}
   size_t OldSize                                  = 70254592                                  {product} {ergonomic}
    uintx ProfiledCodeHeapSize                     = 122913754                              {pd product} {ergonomic}
    uintx ReservedCodeCacheSize                    = 251658240                              {pd product} {ergonomic}
     bool SegmentedCodeCache                       = true                                      {product} {ergonomic}
     bool UseCompressedClassPointers               = true                                 {lp64_product} {ergonomic}
     bool UseCompressedOops                        = true                                 {lp64_product} {ergonomic}
     bool UseParallelGC                            = true                                      {product} {command line}

Logging:
Log output configuration:
 #0: stdout all=warning uptime,level,tags
 #1: stderr all=off uptime,level,tags

Environment Variables:
JAVA_HOME=/home/gitpod/.sdkman/candidates/java/current
JAVA_TOOL_OPTIONS=-Xmx1879m
PATH=/home/gitpod/.sdkman/candidates/maven/current/bin:/home/gitpod/.sdkman/candidates/java/current/bin:/home/gitpod/.sdkman/candidates/gradle/current/bin:/home/gitpod/.rvm/gems/ruby-2.7.3/bin:/home/gitpod/.rvm/gems/ruby-2.7.3@global/bin:/home/gitpod/.rvm/rubies/ruby-2.7.3/bin:/home/gitpod/.pyenv/plugins/pyenv-virtualenv/shims:/workspace/.cargo/bin:/workspace/.pip-modules/bin:/workspace/.rvm/bin:/ide/bin:/home/gitpod/.pyenv/bin:/home/gitpod/.pyenv/shims:/workspace/go/bin:/home/gitpod/go/bin:/home/gitpod/go-packages/bin:/usr/local/sbin:/usr/local/bin:/usr/sbin:/usr/bin:/sbin:/bin:/home/linuxbrew/.linuxbrew/bin:/home/linuxbrew/.linuxbrew/sbin/:/home/gitpod/.nvm/versions/node/v14.17.0/bin:/home/gitpod/.cargo/bin:/home/gitpod/.nvm/versions/node/v14.17.0/bin:/home/gitpod/.rvm/bin:/home/gitpod/.nvm/versions/node/v14.17.0/bin
SHELL=/bin/bash
LANG=en_US.UTF-8

Signal Handlers:
SIGSEGV: [libjvm.so+0xf06760], sa_mask[0]=11111111011111111101111111111110, sa_flags=SA_RESTART|SA_SIGINFO
SIGBUS: [libjvm.so+0xf06760], sa_mask[0]=11111111011111111101111111111110, sa_flags=SA_RESTART|SA_SIGINFO
SIGFPE: [libjvm.so+0xf06760], sa_mask[0]=11111111011111111101111111111110, sa_flags=SA_RESTART|SA_SIGINFO
SIGPIPE: [libjvm.so+0xc518a0], sa_mask[0]=11111111011111111101111111111110, sa_flags=SA_RESTART|SA_SIGINFO
SIGXFSZ: [libjvm.so+0xc518a0], sa_mask[0]=11111111011111111101111111111110, sa_flags=SA_RESTART|SA_SIGINFO
SIGILL: [libjvm.so+0xf06760], sa_mask[0]=11111111011111111101111111111110, sa_flags=SA_RESTART|SA_SIGINFO
SIGUSR2: [libjvm.so+0xc51740], sa_mask[0]=00000000000000000000000000000000, sa_flags=SA_RESTART|SA_SIGINFO
SIGHUP: [libjvm.so+0xc51aa0], sa_mask[0]=11111111011111111101111111111110, sa_flags=SA_RESTART|SA_SIGINFO
SIGINT: [libjvm.so+0xc51aa0], sa_mask[0]=11111111011111111101111111111110, sa_flags=SA_RESTART|SA_SIGINFO
SIGTERM: [libjvm.so+0xc51aa0], sa_mask[0]=11111111011111111101111111111110, sa_flags=SA_RESTART|SA_SIGINFO
SIGQUIT: [libjvm.so+0xc51aa0], sa_mask[0]=11111111011111111101111111111110, sa_flags=SA_RESTART|SA_SIGINFO


---------------  S Y S T E M  ---------------

OS:DISTRIB_ID=Ubuntu
DISTRIB_RELEASE=20.04
DISTRIB_CODENAME=focal
DISTRIB_DESCRIPTION="Ubuntu 20.04.2 LTS"
uname:Linux 5.4.0-1033-gke #35~18.04.1-Ubuntu SMP Mon Dec 14 14:55:44 UTC 2020 x86_64
OS uptime: 0 days 17:49 hours
libc:glibc 2.31 NPTL 2.31 
rlimit (soft/hard): STACK 8192k/infinity , CORE infinity/infinity , NPROC infinity/infinity , NOFILE 1048576/1048576 , AS infinity/infinity , CPU infinity/infinity , DATA infinity/infinity , FSIZE infinity/infinity , MEMLOCK 65536k/65536k
load average:4.14 4.90 5.94

/proc/meminfo:
MemTotal:       65866168 kB
MemFree:         5374188 kB
MemAvailable:   40539832 kB
Buffers:         7877000 kB
Cached:         25137320 kB
SwapCached:            0 kB
Active:         34699424 kB
Inactive:       18545288 kB
Active(anon):   20142840 kB
Inactive(anon):  2339052 kB
Active(file):   14556584 kB
Inactive(file): 16206236 kB
Unevictable:       18572 kB
Mlocked:           18572 kB
SwapTotal:             0 kB
SwapFree:              0 kB
Dirty:              2440 kB
Writeback:             0 kB
AnonPages:      20187364 kB
Mapped:          1250108 kB
Shmem:           2774444 kB
KReclaimable:    5129948 kB
Slab:            6327684 kB
SReclaimable:    5129948 kB
SUnreclaim:      1197736 kB
KernelStack:       86568 kB
PageTables:       265892 kB
NFS_Unstable:          0 kB
Bounce:                0 kB
WritebackTmp:          0 kB
CommitLimit:    32933084 kB
Committed_AS:   41978664 kB
VmallocTotal:   34359738367 kB
VmallocUsed:       96792 kB
VmallocChunk:          0 kB
Percpu:            41792 kB
HardwareCorrupted:     0 kB
AnonHugePages:      6144 kB
ShmemHugePages:        0 kB
ShmemPmdMapped:        0 kB
FileHugePages:         0 kB
FilePmdMapped:         0 kB
CmaTotal:              0 kB
CmaFree:               0 kB
HugePages_Total:       0
HugePages_Free:        0
HugePages_Rsvd:        0
HugePages_Surp:        0
Hugepagesize:       2048 kB
Hugetlb:               0 kB
DirectMap4k:     3036360 kB
DirectMap2M:    63023104 kB
DirectMap1G:     3145728 kB

/sys/kernel/mm/transparent_hugepage/enabled:
always [madvise] never
/sys/kernel/mm/transparent_hugepage/defrag (defrag/compaction efforts parameter):
always defer defer+madvise [madvise] never

Process Memory:
Virtual Size: 5203832K (peak: 5203832K)
Resident Set Size: 174768K (peak: 174768K) (anon: 150360K, file: 24376K, shmem: 32K)
Swapped out: 0K
C-Heap outstanding allocations: 35130K

/proc/sys/kernel/threads-max (system-wide limit on the number of threads):
514370
/proc/sys/vm/max_map_count (maximum number of memory map areas a process may have):
65530
/proc/sys/kernel/pid_max (system-wide limit on number of process identifiers):
4194304

container (cgroup) information:
container_type: cgroupv1
cpu_cpuset_cpus: 0-15
cpu_memory_nodes: 0
active_processor_count: 6
cpu_quota: 600000
cpu_period: 100000
cpu_shares: 2
memory_limit_in_bytes: 12884901888
memory_and_swap_limit_in_bytes: -2
memory_soft_limit_in_bytes: -1
memory_usage_in_bytes: 3055460352
memory_max_usage_in_bytes: 3055968256

KVM virtualization detected
Steal ticks since vm start: 0
Steal ticks percentage since vm start:  0.000

CPU:total 16 (initial active 6) (8 cores per cpu, 2 threads per core) family 6 model 85 stepping 7 microcode 0x1, cmov, cx8, fxsr, mmx, sse, sse2, sse3, ssse3, sse4.1, sse4.2, popcnt, avx, avx2, aes, clmul, erms, rtm, 3dnowpref, lzcnt, ht, tsc, tscinvbit, bmi1, bmi2, adx, evex, fma
CPU Model and flags from /proc/cpuinfo:
model name	: Intel(R) Xeon(R) CPU
flags		: fpu vme de pse tsc msr pae mce cx8 apic sep mtrr pge mca cmov pat pse36 clflush mmx fxsr sse sse2 ss ht syscall nx pdpe1gb rdtscp lm constant_tsc rep_good nopl xtopology nonstop_tsc cpuid tsc_known_freq pni pclmulqdq ssse3 fma cx16 pcid sse4_1 sse4_2 x2apic movbe popcnt aes xsave avx f16c rdrand hypervisor lahf_lm abm 3dnowprefetch invpcid_single ssbd ibrs ibpb stibp ibrs_enhanced fsgsbase tsc_adjust bmi1 hle avx2 smep bmi2 erms invpcid rtm mpx avx512f avx512dq rdseed adx smap clflushopt clwb avx512cd avx512bw avx512vl xsaveopt xsavec xgetbv1 xsaves arat avx512_vnni md_clear arch_capabilities
Online cpus:
0-15
Offline cpus:

BIOS frequency limitation:
<Not Available>
Frequency switch latency (ns):
<Not Available>
Available cpu frequencies:
<Not Available>
Current governor:
<Not Available>
Core performance/turbo boost:
<Not Available>

Memory: 4k page, physical 12582912k(9598936k free), swap 0k(0k free)

vm_info: OpenJDK 64-Bit Server VM (11.0.11+9-LTS) for linux-amd64 JRE (Zulu11.48+21-CA) (11.0.11+9-LTS), built on Apr 15 2021 09:00:11 by "zulu_re" with gcc 4.9.2 20150212 (Red Hat 4.9.2-6)

END.
